{"D:\\Semester5\\synergy-hub\\frontend\\web-app\\client\\components\\EmptyState.tsx": {"path":"D:\\Semester5\\synergy-hub\\frontend\\web-app\\client\\components\\EmptyState.tsx","statementMap":{"0":{"start":{"line":18,"column":4},"end":{"line":29,"column":null}}},"fnMap":{"0":{"name":"EmptyState","decl":{"start":{"line":12,"column":16},"end":{"line":12,"column":27}},"loc":{"start":{"line":17,"column":31},"end":{"line":34,"column":null}},"line":17}},"branchMap":{"0":{"loc":{"start":{"line":27,"column":13},"end":{"line":29,"column":null}},"type":"binary-expr","locations":[{"start":{"line":27,"column":13},"end":{"line":27,"column":28}},{"start":{"line":27,"column":28},"end":{"line":27,"column":null}},{"start":{"line":27,"column":28},"end":{"line":29,"column":null}}],"line":27}},"s":{"0":6},"f":{"0":6},"b":{"0":[6,2,1]},"meta":{"lastBranch":1,"lastFunction":1,"lastStatement":1,"seen":{"f:12:16:12:27":0,"s:18:4:29:Infinity":0,"b:27:13:27:28:27:28:27:Infinity:27:28:29:Infinity":0}}}
,"D:\\Semester5\\synergy-hub\\frontend\\web-app\\client\\components\\ErrorBoundary.tsx": {"path":"D:\\Semester5\\synergy-hub\\frontend\\web-app\\client\\components\\ErrorBoundary.tsx","statementMap":{"0":{"start":{"line":24,"column":4},"end":{"line":24,"column":null}},"1":{"start":{"line":28,"column":4},"end":{"line":28,"column":null}},"2":{"start":{"line":29,"column":4},"end":{"line":29,"column":null}},"3":{"start":{"line":34,"column":4},"end":{"line":36,"column":null}},"4":{"start":{"line":35,"column":6},"end":{"line":35,"column":null}},"5":{"start":{"line":44,"column":4},"end":{"line":62,"column":null}},"6":{"start":{"line":45,"column":6},"end":{"line":55,"column":null}},"7":{"start":{"line":64,"column":4},"end":{"line":64,"column":null}},"8":{"start":{"line":19,"column":4},"end":{"line":41,"column":null}},"9":{"start":{"line":40,"column":4},"end":{"line":40,"column":null}},"10":{"start":{"line":20,"column":4},"end":{"line":20,"column":null}}},"fnMap":{"0":{"name":"(anonymous_0)","decl":{"start":{"line":23,"column":9},"end":{"line":23,"column":34}},"loc":{"start":{"line":23,"column":68},"end":{"line":25,"column":null}},"line":23},"1":{"name":"(anonymous_1)","decl":{"start":{"line":27,"column":2},"end":{"line":27,"column":20}},"loc":{"start":{"line":27,"column":34},"end":{"line":30,"column":null}},"line":27},"2":{"name":"(anonymous_2)","decl":{"start":{"line":32,"column":2},"end":{"line":32,"column":21}},"loc":{"start":{"line":32,"column":52},"end":{"line":37,"column":null}},"line":32},"3":{"name":"(anonymous_3)","decl":{"start":{"line":43,"column":2},"end":{"line":43,"column":11}},"loc":{"start":{"line":43,"column":11},"end":{"line":65,"column":null}},"line":43},"4":{"name":"(anonymous_4)","decl":{"start":{"line":18,"column":2},"end":{"line":18,"column":14}},"loc":{"start":{"line":18,"column":41},"end":{"line":21,"column":null}},"line":18},"5":{"name":"(anonymous_5)","decl":{"start":{"line":39,"column":10},"end":{"line":39,"column":null}},"loc":{"start":{"line":39,"column":10},"end":{"line":41,"column":null}},"line":39}},"branchMap":{"0":{"loc":{"start":{"line":34,"column":4},"end":{"line":36,"column":null}},"type":"if","locations":[{"start":{"line":34,"column":4},"end":{"line":36,"column":null}},{"start":{},"end":{}}],"line":34},"1":{"loc":{"start":{"line":34,"column":8},"end":{"line":34,"column":75}},"type":"binary-expr","locations":[{"start":{"line":34,"column":8},"end":{"line":34,"column":27}},{"start":{"line":34,"column":31},"end":{"line":34,"column":75}}],"line":34},"2":{"loc":{"start":{"line":44,"column":4},"end":{"line":62,"column":null}},"type":"if","locations":[{"start":{"line":44,"column":4},"end":{"line":62,"column":null}},{"start":{},"end":{}}],"line":44},"3":{"loc":{"start":{"line":44,"column":8},"end":{"line":44,"column":47}},"type":"binary-expr","locations":[{"start":{"line":44,"column":8},"end":{"line":44,"column":27}},{"start":{"line":44,"column":31},"end":{"line":44,"column":47}}],"line":44},"4":{"loc":{"start":{"line":46,"column":8},"end":{"line":55,"column":null}},"type":"binary-expr","locations":[{"start":{"line":46,"column":8},"end":{"line":46,"column":null}},{"start":{"line":46,"column":58},"end":{"line":55,"column":null}}],"line":46},"5":{"loc":{"start":{"line":52,"column":17},"end":{"line":52,"column":null}},"type":"binary-expr","locations":[{"start":{"line":52,"column":17},"end":{"line":52,"column":41}},{"start":{"line":52,"column":45},"end":{"line":52,"column":null}}],"line":52}},"s":{"0":0,"1":0,"2":0,"3":2,"4":0,"5":4,"6":0,"7":4,"8":2,"9":0,"10":2},"f":{"0":1,"1":0,"2":2,"3":4,"4":2,"5":0},"b":{"0":[0,2],"1":[2,0],"2":[0,4],"3":[4,0],"4":[0,0],"5":[0,0]},"meta":{"lastBranch":6,"lastFunction":6,"lastStatement":11,"seen":{"f:23:9:23:34":0,"s:24:4:24:Infinity":0,"f:27:2:27:20":1,"s:28:4:28:Infinity":1,"s:29:4:29:Infinity":2,"f:32:2:32:21":2,"b:34:4:36:Infinity:undefined:undefined:undefined:undefined":0,"s:34:4:36:Infinity":3,"b:34:8:34:27:34:31:34:75":1,"s:35:6:35:Infinity":4,"f:43:2:43:11":3,"b:44:4:62:Infinity:undefined:undefined:undefined:undefined":2,"s:44:4:62:Infinity":5,"b:44:8:44:27:44:31:44:47":3,"s:45:6:55:Infinity":6,"b:46:8:46:Infinity:46:58:55:Infinity":4,"b:52:17:52:41:52:45:52:Infinity":5,"s:64:4:64:Infinity":7,"f:18:2:18:14":4,"s:19:4:41:Infinity":8,"f:39:10:39:Infinity":5,"s:40:4:40:Infinity":9,"s:20:4:20:Infinity":10}}}
,"D:\\Semester5\\synergy-hub\\frontend\\web-app\\client\\components\\backlog\\BacklogTaskRow.tsx": {"path":"D:\\Semester5\\synergy-hub\\frontend\\web-app\\client\\components\\backlog\\BacklogTaskRow.tsx","statementMap":{"0":{"start":{"line":49,"column":18},"end":{"line":54,"column":null}},"1":{"start":{"line":56,"column":23},"end":{"line":61,"column":null}},"2":{"start":{"line":74,"column":39},"end":{"line":74,"column":null}},"3":{"start":{"line":75,"column":19},"end":{"line":75,"column":null}},"4":{"start":{"line":76,"column":19},"end":{"line":76,"column":104}},"5":{"start":{"line":77,"column":23},"end":{"line":77,"column":36}},"6":{"start":{"line":79,"column":27},"end":{"line":81,"column":null}},"7":{"start":{"line":80,"column":47},"end":{"line":80,"column":51}},"8":{"start":{"line":83,"column":22},"end":{"line":100,"column":null}},"9":{"start":{"line":85,"column":19},"end":{"line":85,"column":27}},"10":{"start":{"line":86,"column":4},"end":{"line":88,"column":null}},"11":{"start":{"line":87,"column":6},"end":{"line":87,"column":null}},"12":{"start":{"line":91,"column":4},"end":{"line":94,"column":null}},"13":{"start":{"line":92,"column":6},"end":{"line":92,"column":null}},"14":{"start":{"line":93,"column":6},"end":{"line":93,"column":null}},"15":{"start":{"line":96,"column":17},"end":{"line":96,"column":null}},"16":{"start":{"line":97,"column":4},"end":{"line":97,"column":null}},"17":{"start":{"line":98,"column":4},"end":{"line":98,"column":null}},"18":{"start":{"line":99,"column":4},"end":{"line":99,"column":null}},"19":{"start":{"line":102,"column":2},"end":{"line":208,"column":null}},"20":{"start":{"line":104,"column":18},"end":{"line":208,"column":null}},"21":{"start":{"line":124,"column":18},"end":{"line":124,"column":null}},"22":{"start":{"line":125,"column":18},"end":{"line":125,"column":null}},"23":{"start":{"line":147,"column":48},"end":{"line":148,"column":52}},"24":{"start":{"line":186,"column":33},"end":{"line":186,"column":null}},"25":{"start":{"line":187,"column":14},"end":{"line":187,"column":null}},"26":{"start":{"line":191,"column":67},"end":{"line":191,"column":null}},"27":{"start":{"line":197,"column":36},"end":{"line":197,"column":null}},"28":{"start":{"line":198,"column":22},"end":{"line":199,"column":46}}},"fnMap":{"0":{"name":"BacklogTaskRow","decl":{"start":{"line":63,"column":24},"end":{"line":63,"column":39}},"loc":{"start":{"line":73,"column":22},"end":{"line":214,"column":null}},"line":73},"1":{"name":"(anonymous_1)","decl":{"start":{"line":80,"column":40},"end":{"line":80,"column":41}},"loc":{"start":{"line":80,"column":47},"end":{"line":80,"column":51}},"line":80},"2":{"name":"(anonymous_2)","decl":{"start":{"line":83,"column":22},"end":{"line":83,"column":23}},"loc":{"start":{"line":83,"column":23},"end":{"line":100,"column":null}},"line":83},"3":{"name":"(anonymous_3)","decl":{"start":{"line":104,"column":7},"end":{"line":104,"column":8}},"loc":{"start":{"line":104,"column":18},"end":{"line":208,"column":null}},"line":104},"4":{"name":"(anonymous_4)","decl":{"start":{"line":123,"column":25},"end":{"line":123,"column":26}},"loc":{"start":{"line":123,"column":26},"end":{"line":126,"column":null}},"line":123},"5":{"name":"(anonymous_5)","decl":{"start":{"line":147,"column":47},"end":{"line":147,"column":48}},"loc":{"start":{"line":147,"column":48},"end":{"line":148,"column":52}},"line":147},"6":{"name":"(anonymous_6)","decl":{"start":{"line":185,"column":27},"end":{"line":185,"column":28}},"loc":{"start":{"line":185,"column":28},"end":{"line":188,"column":null}},"line":185},"7":{"name":"(anonymous_7)","decl":{"start":{"line":191,"column":60},"end":{"line":191,"column":61}},"loc":{"start":{"line":191,"column":67},"end":{"line":191,"column":null}},"line":191},"8":{"name":"(anonymous_8)","decl":{"start":{"line":197,"column":24},"end":{"line":197,"column":25}},"loc":{"start":{"line":197,"column":36},"end":{"line":197,"column":null}},"line":197},"9":{"name":"(anonymous_9)","decl":{"start":{"line":198,"column":21},"end":{"line":198,"column":22}},"loc":{"start":{"line":198,"column":22},"end":{"line":199,"column":46}},"line":198}},"branchMap":{"0":{"loc":{"start":{"line":66,"column":2},"end":{"line":66,"column":21}},"type":"default-arg","locations":[{"start":{"line":66,"column":15},"end":{"line":66,"column":21}}],"line":66},"1":{"loc":{"start":{"line":67,"column":2},"end":{"line":67,"column":14}},"type":"default-arg","locations":[{"start":{"line":67,"column":12},"end":{"line":67,"column":14}}],"line":67},"2":{"loc":{"start":{"line":75,"column":19},"end":{"line":75,"column":null}},"type":"binary-expr","locations":[{"start":{"line":75,"column":19},"end":{"line":75,"column":65}},{"start":{"line":75,"column":69},"end":{"line":75,"column":null}}],"line":75},"3":{"loc":{"start":{"line":76,"column":19},"end":{"line":76,"column":104}},"type":"binary-expr","locations":[{"start":{"line":76,"column":19},"end":{"line":76,"column":79}},{"start":{"line":76,"column":83},"end":{"line":76,"column":104}}],"line":76},"4":{"loc":{"start":{"line":79,"column":27},"end":{"line":81,"column":null}},"type":"cond-expr","locations":[{"start":{"line":80,"column":6},"end":{"line":80,"column":null}},{"start":{"line":81,"column":6},"end":{"line":81,"column":null}}],"line":79},"5":{"loc":{"start":{"line":86,"column":4},"end":{"line":88,"column":null}},"type":"if","locations":[{"start":{"line":86,"column":4},"end":{"line":88,"column":null}},{"start":{},"end":{}}],"line":86},"6":{"loc":{"start":{"line":86,"column":8},"end":{"line":86,"column":103}},"type":"binary-expr","locations":[{"start":{"line":86,"column":8},"end":{"line":86,"column":38}},{"start":{"line":86,"column":38},"end":{"line":86,"column":66}},{"start":{"line":86,"column":66},"end":{"line":86,"column":103}}],"line":86},"7":{"loc":{"start":{"line":91,"column":4},"end":{"line":94,"column":null}},"type":"if","locations":[{"start":{"line":91,"column":4},"end":{"line":94,"column":null}},{"start":{},"end":{}}],"line":91},"8":{"loc":{"start":{"line":112,"column":12},"end":{"line":112,"column":null}},"type":"binary-expr","locations":[{"start":{"line":112,"column":12},"end":{"line":112,"column":31}},{"start":{"line":112,"column":35},"end":{"line":112,"column":null}}],"line":112},"9":{"loc":{"start":{"line":113,"column":12},"end":{"line":113,"column":null}},"type":"binary-expr","locations":[{"start":{"line":113,"column":13},"end":{"line":113,"column":26}},{"start":{"line":113,"column":30},"end":{"line":113,"column":46}},{"start":{"line":113,"column":52},"end":{"line":113,"column":null}}],"line":113},"10":{"loc":{"start":{"line":117,"column":11},"end":{"line":154,"column":null}},"type":"binary-expr","locations":[{"start":{"line":117,"column":11},"end":{"line":117,"column":25}},{"start":{"line":117,"column":25},"end":{"line":154,"column":null}}],"line":117},"11":{"loc":{"start":{"line":174,"column":17},"end":{"line":174,"column":null}},"type":"binary-expr","locations":[{"start":{"line":174,"column":17},"end":{"line":174,"column":30}},{"start":{"line":174,"column":34},"end":{"line":174,"column":null}}],"line":174},"12":{"loc":{"start":{"line":184,"column":19},"end":{"line":184,"column":null}},"type":"binary-expr","locations":[{"start":{"line":184,"column":19},"end":{"line":184,"column":52}},{"start":{"line":184,"column":52},"end":{"line":184,"column":null}}],"line":184},"13":{"loc":{"start":{"line":186,"column":33},"end":{"line":186,"column":null}},"type":"cond-expr","locations":[{"start":{"line":186,"column":58},"end":{"line":186,"column":65}},{"start":{"line":186,"column":65},"end":{"line":186,"column":null}}],"line":186},"14":{"loc":{"start":{"line":189,"column":22},"end":{"line":189,"column":null}},"type":"binary-expr","locations":[{"start":{"line":189,"column":22},"end":{"line":189,"column":35}},{"start":{"line":189,"column":39},"end":{"line":189,"column":null}}],"line":189},"15":{"loc":{"start":{"line":197,"column":36},"end":{"line":197,"column":null}},"type":"binary-expr","locations":[{"start":{"line":197,"column":36},"end":{"line":197,"column":46}},{"start":{"line":197,"column":46},"end":{"line":197,"column":null}}],"line":197},"16":{"loc":{"start":{"line":208,"column":13},"end":{"line":208,"column":null}},"type":"cond-expr","locations":[{"start":{"line":208,"column":29},"end":{"line":208,"column":48}},{"start":{"line":208,"column":29},"end":{"line":208,"column":null}}],"line":208}},"s":{"0":1,"1":1,"2":4,"3":4,"4":4,"5":4,"6":4,"7":0,"8":4,"9":0,"10":0,"11":0,"12":0,"13":0,"14":0,"15":0,"16":0,"17":0,"18":0,"19":4,"20":4,"21":0,"22":0,"23":24,"24":0,"25":0,"26":0,"27":0,"28":0},"f":{"0":4,"1":0,"2":0,"3":4,"4":0,"5":24,"6":0,"7":0,"8":0,"9":0},"b":{"0":[4],"1":[4],"2":[4,4],"3":[4,4],"4":[0,4],"5":[0,0],"6":[0,0,0],"7":[0,0],"8":[4,0],"9":[4,4,0],"10":[4,4],"11":[4,4],"12":[4,4],"13":[0,0],"14":[4,4],"15":[0,0],"16":[0,4]},"meta":{"lastBranch":17,"lastFunction":10,"lastStatement":29,"seen":{"s:49:18:54:Infinity":0,"s:56:23:61:Infinity":1,"f:63:24:63:39":0,"b:66:15:66:21":0,"b:67:12:67:14":1,"s:74:39:74:Infinity":2,"s:75:19:75:Infinity":3,"b:75:19:75:65:75:69:75:Infinity":2,"s:76:19:76:104":4,"b:76:19:76:79:76:83:76:104":3,"s:77:23:77:36":5,"s:79:27:81:Infinity":6,"b:80:6:80:Infinity:81:6:81:Infinity":4,"f:80:40:80:41":1,"s:80:47:80:51":7,"s:83:22:100:Infinity":8,"f:83:22:83:23":2,"s:85:19:85:27":9,"b:86:4:88:Infinity:undefined:undefined:undefined:undefined":5,"s:86:4:88:Infinity":10,"b:86:8:86:38:86:38:86:66:86:66:86:103":6,"s:87:6:87:Infinity":11,"b:91:4:94:Infinity:undefined:undefined:undefined:undefined":7,"s:91:4:94:Infinity":12,"s:92:6:92:Infinity":13,"s:93:6:93:Infinity":14,"s:96:17:96:Infinity":15,"s:97:4:97:Infinity":16,"s:98:4:98:Infinity":17,"s:99:4:99:Infinity":18,"s:102:2:208:Infinity":19,"f:104:7:104:8":3,"s:104:18:208:Infinity":20,"b:112:12:112:31:112:35:112:Infinity":8,"b:113:13:113:26:113:30:113:46:113:52:113:Infinity":9,"b:117:11:117:25:117:25:154:Infinity":10,"f:123:25:123:26":4,"s:124:18:124:Infinity":21,"s:125:18:125:Infinity":22,"f:147:47:147:48":5,"s:147:48:148:52":23,"b:174:17:174:30:174:34:174:Infinity":11,"b:184:19:184:52:184:52:184:Infinity":12,"f:185:27:185:28":6,"s:186:33:186:Infinity":24,"b:186:58:186:65:186:65:186:Infinity":13,"s:187:14:187:Infinity":25,"b:189:22:189:35:189:39:189:Infinity":14,"f:191:60:191:61":7,"s:191:67:191:Infinity":26,"f:197:24:197:25":8,"s:197:36:197:Infinity":27,"b:197:36:197:46:197:46:197:Infinity":15,"f:198:21:198:22":9,"s:198:22:199:46":28,"b:208:29:208:48:208:29:208:Infinity":16}}}
,"D:\\Semester5\\synergy-hub\\frontend\\web-app\\client\\components\\backlog\\EpicPanel.tsx": {"path":"D:\\Semester5\\synergy-hub\\frontend\\web-app\\client\\components\\backlog\\EpicPanel.tsx","statementMap":{"0":{"start":{"line":34,"column":41},"end":{"line":35,"column":null}},"1":{"start":{"line":37,"column":51},"end":{"line":37,"column":null}},"2":{"start":{"line":38,"column":37},"end":{"line":38,"column":null}},"3":{"start":{"line":39,"column":8},"end":{"line":39,"column":null}},"4":{"start":{"line":41,"column":25},"end":{"line":49,"column":null}},"5":{"start":{"line":42,"column":19},"end":{"line":42,"column":null}},"6":{"start":{"line":43,"column":4},"end":{"line":47,"column":null}},"7":{"start":{"line":44,"column":6},"end":{"line":44,"column":null}},"8":{"start":{"line":46,"column":6},"end":{"line":46,"column":null}},"9":{"start":{"line":48,"column":4},"end":{"line":48,"column":null}},"10":{"start":{"line":51,"column":27},"end":{"line":53,"column":null}},"11":{"start":{"line":52,"column":4},"end":{"line":52,"column":null}},"12":{"start":{"line":55,"column":21},"end":{"line":55,"column":null}},"13":{"start":{"line":55,"column":37},"end":{"line":55,"column":null}},"14":{"start":{"line":57,"column":27},"end":{"line":77,"column":null}},"15":{"start":{"line":58,"column":4},"end":{"line":58,"column":null}},"16":{"start":{"line":59,"column":4},"end":{"line":59,"column":null}},"17":{"start":{"line":59,"column":29},"end":{"line":59,"column":null}},"18":{"start":{"line":61,"column":4},"end":{"line":76,"column":null}},"19":{"start":{"line":62,"column":6},"end":{"line":70,"column":null}},"20":{"start":{"line":71,"column":6},"end":{"line":71,"column":null}},"21":{"start":{"line":72,"column":6},"end":{"line":72,"column":null}},"22":{"start":{"line":75,"column":6},"end":{"line":75,"column":null}},"23":{"start":{"line":80,"column":2},"end":{"line":219,"column":null}},"24":{"start":{"line":99,"column":27},"end":{"line":99,"column":null}},"25":{"start":{"line":122,"column":20},"end":{"line":123,"column":29}},"26":{"start":{"line":126,"column":16},"end":{"line":126,"column":null}},"27":{"start":{"line":127,"column":16},"end":{"line":127,"column":null}},"28":{"start":{"line":191,"column":25},"end":{"line":191,"column":null}},"29":{"start":{"line":210,"column":35},"end":{"line":210,"column":null}},"30":{"start":{"line":217,"column":67},"end":{"line":217,"column":97}}},"fnMap":{"0":{"name":"EpicPanel","decl":{"start":{"line":27,"column":24},"end":{"line":27,"column":34}},"loc":{"start":{"line":33,"column":17},"end":{"line":227,"column":null}},"line":33},"1":{"name":"(anonymous_1)","decl":{"start":{"line":41,"column":25},"end":{"line":41,"column":26}},"loc":{"start":{"line":41,"column":26},"end":{"line":49,"column":null}},"line":41},"2":{"name":"(anonymous_2)","decl":{"start":{"line":51,"column":27},"end":{"line":51,"column":28}},"loc":{"start":{"line":51,"column":28},"end":{"line":53,"column":null}},"line":51},"3":{"name":"(anonymous_3)","decl":{"start":{"line":55,"column":21},"end":{"line":55,"column":22}},"loc":{"start":{"line":55,"column":37},"end":{"line":55,"column":null}},"line":55},"4":{"name":"(anonymous_4)","decl":{"start":{"line":57,"column":27},"end":{"line":57,"column":34}},"loc":{"start":{"line":57,"column":34},"end":{"line":77,"column":null}},"line":57},"5":{"name":"(anonymous_5)","decl":{"start":{"line":99,"column":21},"end":{"line":99,"column":27}},"loc":{"start":{"line":99,"column":27},"end":{"line":99,"column":null}},"line":99},"6":{"name":"(anonymous_6)","decl":{"start":{"line":122,"column":19},"end":{"line":122,"column":20}},"loc":{"start":{"line":122,"column":20},"end":{"line":123,"column":29}},"line":122},"7":{"name":"(anonymous_7)","decl":{"start":{"line":125,"column":23},"end":{"line":125,"column":null}},"loc":{"start":{"line":125,"column":23},"end":{"line":128,"column":null}},"line":125},"8":{"name":"(anonymous_8)","decl":{"start":{"line":191,"column":19},"end":{"line":191,"column":25}},"loc":{"start":{"line":191,"column":25},"end":{"line":191,"column":null}},"line":191},"9":{"name":"(anonymous_9)","decl":{"start":{"line":210,"column":28},"end":{"line":210,"column":29}},"loc":{"start":{"line":210,"column":35},"end":{"line":210,"column":null}},"line":210},"10":{"name":"(anonymous_10)","decl":{"start":{"line":217,"column":61},"end":{"line":217,"column":67}},"loc":{"start":{"line":217,"column":67},"end":{"line":217,"column":97}},"line":217}},"branchMap":{"0":{"loc":{"start":{"line":43,"column":4},"end":{"line":47,"column":null}},"type":"if","locations":[{"start":{"line":43,"column":4},"end":{"line":47,"column":null}},{"start":{"line":45,"column":11},"end":{"line":47,"column":null}}],"line":43},"1":{"loc":{"start":{"line":59,"column":4},"end":{"line":59,"column":null}},"type":"if","locations":[{"start":{"line":59,"column":4},"end":{"line":59,"column":null}},{"start":{},"end":{}}],"line":59},"2":{"loc":{"start":{"line":100,"column":112},"end":{"line":102,"column":null}},"type":"cond-expr","locations":[{"start":{"line":101,"column":18},"end":{"line":101,"column":null}},{"start":{"line":102,"column":18},"end":{"line":102,"column":null}}],"line":100},"3":{"loc":{"start":{"line":105,"column":13},"end":{"line":108,"column":null}},"type":"cond-expr","locations":[{"start":{"line":105,"column":24},"end":{"line":108,"column":15}},{"start":{"line":108,"column":14},"end":{"line":108,"column":null}}],"line":105},"4":{"loc":{"start":{"line":114,"column":11},"end":{"line":116,"column":null}},"type":"binary-expr","locations":[{"start":{"line":114,"column":11},"end":{"line":114,"column":null}},{"start":{"line":114,"column":22},"end":{"line":116,"column":null}}],"line":114},"5":{"loc":{"start":{"line":129,"column":114},"end":{"line":131,"column":null}},"type":"cond-expr","locations":[{"start":{"line":130,"column":20},"end":{"line":130,"column":null}},{"start":{"line":131,"column":20},"end":{"line":131,"column":null}}],"line":129},"6":{"loc":{"start":{"line":134,"column":15},"end":{"line":137,"column":null}},"type":"cond-expr","locations":[{"start":{"line":134,"column":33},"end":{"line":137,"column":17}},{"start":{"line":137,"column":16},"end":{"line":137,"column":null}}],"line":134},"7":{"loc":{"start":{"line":146,"column":13},"end":{"line":175,"column":null}},"type":"binary-expr","locations":[{"start":{"line":146,"column":13},"end":{"line":146,"column":null}},{"start":{"line":146,"column":31},"end":{"line":175,"column":null}}],"line":146},"8":{"loc":{"start":{"line":154,"column":17},"end":{"line":158,"column":null}},"type":"binary-expr","locations":[{"start":{"line":154,"column":17},"end":{"line":154,"column":31}},{"start":{"line":154,"column":31},"end":{"line":158,"column":null}}],"line":154},"9":{"loc":{"start":{"line":162,"column":17},"end":{"line":166,"column":null}},"type":"binary-expr","locations":[{"start":{"line":162,"column":17},"end":{"line":162,"column":29}},{"start":{"line":162,"column":29},"end":{"line":166,"column":null}}],"line":162},"10":{"loc":{"start":{"line":170,"column":17},"end":{"line":175,"column":null}},"type":"binary-expr","locations":[{"start":{"line":170,"column":17},"end":{"line":170,"column":43}},{"start":{"line":170,"column":43},"end":{"line":175,"column":null}}],"line":170},"11":{"loc":{"start":{"line":218,"column":46},"end":{"line":218,"column":null}},"type":"binary-expr","locations":[{"start":{"line":218,"column":46},"end":{"line":218,"column":66}},{"start":{"line":218,"column":70},"end":{"line":218,"column":null}}],"line":218},"12":{"loc":{"start":{"line":219,"column":17},"end":{"line":219,"column":null}},"type":"cond-expr","locations":[{"start":{"line":219,"column":37},"end":{"line":219,"column":null}},{"start":{"line":219,"column":87},"end":{"line":219,"column":null}}],"line":219}},"s":{"0":0,"1":0,"2":0,"3":0,"4":0,"5":0,"6":0,"7":0,"8":0,"9":0,"10":0,"11":0,"12":0,"13":0,"14":0,"15":0,"16":0,"17":0,"18":0,"19":0,"20":0,"21":0,"22":0,"23":0,"24":0,"25":0,"26":0,"27":0,"28":0,"29":0,"30":0},"f":{"0":0,"1":0,"2":0,"3":0,"4":0,"5":0,"6":0,"7":0,"8":0,"9":0,"10":0},"b":{"0":[0,0],"1":[0,0],"2":[0,0],"3":[0,0],"4":[0,0],"5":[0,0],"6":[0,0],"7":[0,0],"8":[0,0],"9":[0,0],"10":[0,0],"11":[0,0],"12":[0,0]},"meta":{"lastBranch":13,"lastFunction":11,"lastStatement":31,"seen":{"f:27:24:27:34":0,"s:34:41:35:Infinity":0,"s:37:51:37:Infinity":1,"s:38:37:38:Infinity":2,"s:39:8:39:Infinity":3,"s:41:25:49:Infinity":4,"f:41:25:41:26":1,"s:42:19:42:Infinity":5,"b:43:4:47:Infinity:45:11:47:Infinity":0,"s:43:4:47:Infinity":6,"s:44:6:44:Infinity":7,"s:46:6:46:Infinity":8,"s:48:4:48:Infinity":9,"s:51:27:53:Infinity":10,"f:51:27:51:28":2,"s:52:4:52:Infinity":11,"s:55:21:55:Infinity":12,"f:55:21:55:22":3,"s:55:37:55:Infinity":13,"s:57:27:77:Infinity":14,"f:57:27:57:34":4,"s:58:4:58:Infinity":15,"b:59:4:59:Infinity:undefined:undefined:undefined:undefined":1,"s:59:4:59:Infinity":16,"s:59:29:59:Infinity":17,"s:61:4:76:Infinity":18,"s:62:6:70:Infinity":19,"s:71:6:71:Infinity":20,"s:72:6:72:Infinity":21,"s:75:6:75:Infinity":22,"s:80:2:219:Infinity":23,"f:99:21:99:27":5,"s:99:27:99:Infinity":24,"b:101:18:101:Infinity:102:18:102:Infinity":2,"b:105:24:108:15:108:14:108:Infinity":3,"b:114:11:114:Infinity:114:22:116:Infinity":4,"f:122:19:122:20":6,"s:122:20:123:29":25,"f:125:23:125:Infinity":7,"s:126:16:126:Infinity":26,"s:127:16:127:Infinity":27,"b:130:20:130:Infinity:131:20:131:Infinity":5,"b:134:33:137:17:137:16:137:Infinity":6,"b:146:13:146:Infinity:146:31:175:Infinity":7,"b:154:17:154:31:154:31:158:Infinity":8,"b:162:17:162:29:162:29:166:Infinity":9,"b:170:17:170:43:170:43:175:Infinity":10,"f:191:19:191:25":8,"s:191:25:191:Infinity":28,"f:210:28:210:29":9,"s:210:35:210:Infinity":29,"f:217:61:217:67":10,"s:217:67:217:97":30,"b:218:46:218:66:218:70:218:Infinity":11,"b:219:37:219:Infinity:219:87:219:Infinity":12}}}
,"D:\\Semester5\\synergy-hub\\frontend\\web-app\\client\\components\\backlog\\EpicSelectDialog.tsx": {"path":"D:\\Semester5\\synergy-hub\\frontend\\web-app\\client\\components\\backlog\\EpicSelectDialog.tsx","statementMap":{"0":{"start":{"line":27,"column":45},"end":{"line":27,"column":null}},"1":{"start":{"line":29,"column":25},"end":{"line":35,"column":null}},"2":{"start":{"line":30,"column":8},"end":{"line":30,"column":null}},"3":{"start":{"line":31,"column":8},"end":{"line":31,"column":null}},"4":{"start":{"line":31,"column":29},"end":{"line":31,"column":null}},"5":{"start":{"line":32,"column":8},"end":{"line":32,"column":null}},"6":{"start":{"line":33,"column":8},"end":{"line":33,"column":null}},"7":{"start":{"line":34,"column":8},"end":{"line":34,"column":null}},"8":{"start":{"line":37,"column":4},"end":{"line":66,"column":null}},"9":{"start":{"line":53,"column":44},"end":{"line":54,"column":62}},"10":{"start":{"line":62,"column":77},"end":{"line":62,"column":98}}},"fnMap":{"0":{"name":"EpicSelectDialog","decl":{"start":{"line":20,"column":24},"end":{"line":20,"column":41}},"loc":{"start":{"line":26,"column":24},"end":{"line":74,"column":null}},"line":26},"1":{"name":"(anonymous_1)","decl":{"start":{"line":29,"column":25},"end":{"line":29,"column":32}},"loc":{"start":{"line":29,"column":32},"end":{"line":35,"column":null}},"line":29},"2":{"name":"(anonymous_2)","decl":{"start":{"line":53,"column":43},"end":{"line":53,"column":44}},"loc":{"start":{"line":53,"column":44},"end":{"line":54,"column":62}},"line":53},"3":{"name":"(anonymous_3)","decl":{"start":{"line":62,"column":71},"end":{"line":62,"column":77}},"loc":{"start":{"line":62,"column":77},"end":{"line":62,"column":98}},"line":62}},"branchMap":{"0":{"loc":{"start":{"line":31,"column":8},"end":{"line":31,"column":null}},"type":"if","locations":[{"start":{"line":31,"column":8},"end":{"line":31,"column":null}},{"start":{},"end":{}}],"line":31},"1":{"loc":{"start":{"line":65,"column":56},"end":{"line":65,"column":null}},"type":"binary-expr","locations":[{"start":{"line":65,"column":56},"end":{"line":65,"column":75}},{"start":{"line":65,"column":75},"end":{"line":65,"column":null}}],"line":65},"2":{"loc":{"start":{"line":66,"column":29},"end":{"line":66,"column":92}},"type":"binary-expr","locations":[{"start":{"line":66,"column":29},"end":{"line":66,"column":42}},{"start":{"line":66,"column":29},"end":{"line":66,"column":92}}],"line":66}},"s":{"0":5,"1":5,"2":0,"3":0,"4":0,"5":0,"6":0,"7":0,"8":5,"9":0,"10":0},"f":{"0":5,"1":0,"2":0,"3":0},"b":{"0":[0,0],"1":[5,0],"2":[5,0]},"meta":{"lastBranch":3,"lastFunction":4,"lastStatement":11,"seen":{"f:20:24:20:41":0,"s:27:45:27:Infinity":0,"s:29:25:35:Infinity":1,"f:29:25:29:32":1,"s:30:8:30:Infinity":2,"b:31:8:31:Infinity:undefined:undefined:undefined:undefined":0,"s:31:8:31:Infinity":3,"s:31:29:31:Infinity":4,"s:32:8:32:Infinity":5,"s:33:8:33:Infinity":6,"s:34:8:34:Infinity":7,"s:37:4:66:Infinity":8,"f:53:43:53:44":2,"s:53:44:54:62":9,"f:62:71:62:77":3,"s:62:77:62:98":10,"b:65:56:65:75:65:75:65:Infinity":1,"b:66:29:66:42:66:29:66:92":2}}}
,"D:\\Semester5\\synergy-hub\\frontend\\web-app\\client\\components\\backlog\\IssueDetailPanel.tsx": {"path":"D:\\Semester5\\synergy-hub\\frontend\\web-app\\client\\components\\backlog\\IssueDetailPanel.tsx","statementMap":{"0":{"start":{"line":38,"column":53},"end":{"line":38,"column":null}},"1":{"start":{"line":39,"column":39},"end":{"line":39,"column":null}},"2":{"start":{"line":40,"column":8},"end":{"line":40,"column":null}},"3":{"start":{"line":42,"column":37},"end":{"line":42,"column":null}},"4":{"start":{"line":43,"column":34},"end":{"line":43,"column":null}},"5":{"start":{"line":45,"column":8},"end":{"line":45,"column":null}},"6":{"start":{"line":46,"column":8},"end":{"line":46,"column":null}},"7":{"start":{"line":47,"column":8},"end":{"line":47,"column":null}},"8":{"start":{"line":49,"column":22},"end":{"line":49,"column":53}},"9":{"start":{"line":50,"column":19},"end":{"line":50,"column":47}},"10":{"start":{"line":52,"column":23},"end":{"line":61,"column":null}},"11":{"start":{"line":53,"column":43},"end":{"line":59,"column":null}},"12":{"start":{"line":60,"column":4},"end":{"line":60,"column":null}},"13":{"start":{"line":63,"column":27},"end":{"line":80,"column":null}},"14":{"start":{"line":64,"column":17},"end":{"line":64,"column":36}},"15":{"start":{"line":65,"column":4},"end":{"line":65,"column":null}},"16":{"start":{"line":65,"column":15},"end":{"line":65,"column":null}},"17":{"start":{"line":67,"column":4},"end":{"line":70,"column":null}},"18":{"start":{"line":68,"column":6},"end":{"line":68,"column":null}},"19":{"start":{"line":69,"column":6},"end":{"line":69,"column":null}},"20":{"start":{"line":72,"column":4},"end":{"line":79,"column":null}},"21":{"start":{"line":73,"column":6},"end":{"line":73,"column":null}},"22":{"start":{"line":75,"column":6},"end":{"line":75,"column":null}},"23":{"start":{"line":78,"column":6},"end":{"line":78,"column":null}},"24":{"start":{"line":78,"column":32},"end":{"line":78,"column":null}},"25":{"start":{"line":82,"column":30},"end":{"line":103,"column":null}},"26":{"start":{"line":83,"column":4},"end":{"line":83,"column":null}},"27":{"start":{"line":84,"column":4},"end":{"line":84,"column":null}},"28":{"start":{"line":84,"column":30},"end":{"line":84,"column":null}},"29":{"start":{"line":86,"column":4},"end":{"line":102,"column":null}},"30":{"start":{"line":87,"column":6},"end":{"line":97,"column":null}},"31":{"start":{"line":98,"column":6},"end":{"line":98,"column":null}},"32":{"start":{"line":99,"column":6},"end":{"line":99,"column":null}},"33":{"start":{"line":101,"column":6},"end":{"line":101,"column":null}},"34":{"start":{"line":105,"column":2},"end":{"line":377,"column":null}},"35":{"start":{"line":119,"column":27},"end":{"line":119,"column":null}},"36":{"start":{"line":127,"column":27},"end":{"line":127,"column":null}},"37":{"start":{"line":135,"column":27},"end":{"line":135,"column":null}},"38":{"start":{"line":150,"column":27},"end":{"line":150,"column":null}},"39":{"start":{"line":186,"column":27},"end":{"line":186,"column":null}},"40":{"start":{"line":203,"column":27},"end":{"line":203,"column":null}},"41":{"start":{"line":212,"column":27},"end":{"line":212,"column":null}},"42":{"start":{"line":249,"column":31},"end":{"line":250,"column":34}},"43":{"start":{"line":256,"column":37},"end":{"line":256,"column":null}},"44":{"start":{"line":266,"column":37},"end":{"line":266,"column":null}},"45":{"start":{"line":281,"column":90},"end":{"line":281,"column":null}},"46":{"start":{"line":290,"column":28},"end":{"line":291,"column":33}},"47":{"start":{"line":309,"column":29},"end":{"line":309,"column":null}},"48":{"start":{"line":326,"column":27},"end":{"line":326,"column":null}},"49":{"start":{"line":368,"column":35},"end":{"line":368,"column":null}},"50":{"start":{"line":375,"column":67},"end":{"line":375,"column":98}}},"fnMap":{"0":{"name":"IssueDetailPanel","decl":{"start":{"line":28,"column":24},"end":{"line":28,"column":41}},"loc":{"start":{"line":37,"column":24},"end":{"line":385,"column":null}},"line":37},"1":{"name":"(anonymous_1)","decl":{"start":{"line":52,"column":23},"end":{"line":52,"column":24}},"loc":{"start":{"line":52,"column":24},"end":{"line":61,"column":null}},"line":52},"2":{"name":"(anonymous_2)","decl":{"start":{"line":63,"column":27},"end":{"line":63,"column":34}},"loc":{"start":{"line":63,"column":34},"end":{"line":80,"column":null}},"line":63},"3":{"name":"(anonymous_3)","decl":{"start":{"line":82,"column":30},"end":{"line":82,"column":37}},"loc":{"start":{"line":82,"column":37},"end":{"line":103,"column":null}},"line":82},"4":{"name":"(anonymous_4)","decl":{"start":{"line":119,"column":21},"end":{"line":119,"column":27}},"loc":{"start":{"line":119,"column":27},"end":{"line":119,"column":null}},"line":119},"5":{"name":"(anonymous_5)","decl":{"start":{"line":127,"column":21},"end":{"line":127,"column":27}},"loc":{"start":{"line":127,"column":27},"end":{"line":127,"column":null}},"line":127},"6":{"name":"(anonymous_6)","decl":{"start":{"line":135,"column":21},"end":{"line":135,"column":27}},"loc":{"start":{"line":135,"column":27},"end":{"line":135,"column":null}},"line":135},"7":{"name":"(anonymous_7)","decl":{"start":{"line":150,"column":21},"end":{"line":150,"column":27}},"loc":{"start":{"line":150,"column":27},"end":{"line":150,"column":null}},"line":150},"8":{"name":"(anonymous_8)","decl":{"start":{"line":186,"column":21},"end":{"line":186,"column":27}},"loc":{"start":{"line":186,"column":27},"end":{"line":186,"column":null}},"line":186},"9":{"name":"(anonymous_9)","decl":{"start":{"line":203,"column":21},"end":{"line":203,"column":27}},"loc":{"start":{"line":203,"column":27},"end":{"line":203,"column":null}},"line":203},"10":{"name":"(anonymous_10)","decl":{"start":{"line":212,"column":21},"end":{"line":212,"column":27}},"loc":{"start":{"line":212,"column":27},"end":{"line":212,"column":null}},"line":212},"11":{"name":"(anonymous_11)","decl":{"start":{"line":249,"column":30},"end":{"line":249,"column":31}},"loc":{"start":{"line":249,"column":31},"end":{"line":250,"column":34}},"line":249},"12":{"name":"(anonymous_12)","decl":{"start":{"line":256,"column":31},"end":{"line":256,"column":37}},"loc":{"start":{"line":256,"column":37},"end":{"line":256,"column":null}},"line":256},"13":{"name":"(anonymous_13)","decl":{"start":{"line":266,"column":31},"end":{"line":266,"column":37}},"loc":{"start":{"line":266,"column":37},"end":{"line":266,"column":null}},"line":266},"14":{"name":"(anonymous_14)","decl":{"start":{"line":281,"column":84},"end":{"line":281,"column":90}},"loc":{"start":{"line":281,"column":90},"end":{"line":281,"column":null}},"line":281},"15":{"name":"(anonymous_15)","decl":{"start":{"line":290,"column":27},"end":{"line":290,"column":28}},"loc":{"start":{"line":290,"column":28},"end":{"line":291,"column":33}},"line":290},"16":{"name":"(anonymous_16)","decl":{"start":{"line":309,"column":23},"end":{"line":309,"column":29}},"loc":{"start":{"line":309,"column":29},"end":{"line":309,"column":null}},"line":309},"17":{"name":"(anonymous_17)","decl":{"start":{"line":326,"column":21},"end":{"line":326,"column":27}},"loc":{"start":{"line":326,"column":27},"end":{"line":326,"column":null}},"line":326},"18":{"name":"(anonymous_18)","decl":{"start":{"line":368,"column":28},"end":{"line":368,"column":29}},"loc":{"start":{"line":368,"column":35},"end":{"line":368,"column":null}},"line":368},"19":{"name":"(anonymous_19)","decl":{"start":{"line":375,"column":61},"end":{"line":375,"column":67}},"loc":{"start":{"line":375,"column":67},"end":{"line":375,"column":98}},"line":375}},"branchMap":{"0":{"loc":{"start":{"line":49,"column":22},"end":{"line":49,"column":53}},"type":"binary-expr","locations":[{"start":{"line":49,"column":22},"end":{"line":49,"column":51}},{"start":{"line":49,"column":51},"end":{"line":49,"column":53}}],"line":49},"1":{"loc":{"start":{"line":50,"column":19},"end":{"line":50,"column":47}},"type":"binary-expr","locations":[{"start":{"line":50,"column":19},"end":{"line":50,"column":45}},{"start":{"line":50,"column":45},"end":{"line":50,"column":47}}],"line":50},"2":{"loc":{"start":{"line":60,"column":11},"end":{"line":60,"column":null}},"type":"binary-expr","locations":[{"start":{"line":60,"column":11},"end":{"line":60,"column":23}},{"start":{"line":60,"column":27},"end":{"line":60,"column":null}}],"line":60},"3":{"loc":{"start":{"line":65,"column":4},"end":{"line":65,"column":null}},"type":"if","locations":[{"start":{"line":65,"column":4},"end":{"line":65,"column":null}},{"start":{},"end":{}}],"line":65},"4":{"loc":{"start":{"line":67,"column":4},"end":{"line":70,"column":null}},"type":"if","locations":[{"start":{"line":67,"column":4},"end":{"line":70,"column":null}},{"start":{},"end":{}}],"line":67},"5":{"loc":{"start":{"line":78,"column":6},"end":{"line":78,"column":null}},"type":"if","locations":[{"start":{"line":78,"column":6},"end":{"line":78,"column":null}},{"start":{},"end":{}}],"line":78},"6":{"loc":{"start":{"line":84,"column":4},"end":{"line":84,"column":null}},"type":"if","locations":[{"start":{"line":84,"column":4},"end":{"line":84,"column":null}},{"start":{},"end":{}}],"line":84},"7":{"loc":{"start":{"line":190,"column":13},"end":{"line":190,"column":null}},"type":"cond-expr","locations":[{"start":{"line":190,"column":42},"end":{"line":190,"column":59}},{"start":{"line":190,"column":59},"end":{"line":190,"column":null}}],"line":190},"8":{"loc":{"start":{"line":231,"column":11},"end":{"line":234,"column":null}},"type":"cond-expr","locations":[{"start":{"line":231,"column":11},"end":{"line":234,"column":13}},{"start":{"line":234,"column":12},"end":{"line":234,"column":null}}],"line":231},"9":{"loc":{"start":{"line":242,"column":13},"end":{"line":242,"column":null}},"type":"binary-expr","locations":[{"start":{"line":242,"column":13},"end":{"line":242,"column":39}},{"start":{"line":242,"column":34},"end":{"line":242,"column":null}}],"line":242},"10":{"loc":{"start":{"line":246,"column":13},"end":{"line":250,"column":34}},"type":"cond-expr","locations":[{"start":{"line":246,"column":36},"end":{"line":249,"column":26}},{"start":{"line":249,"column":14},"end":{"line":250,"column":34}}],"line":246},"11":{"loc":{"start":{"line":287,"column":13},"end":{"line":291,"column":33}},"type":"cond-expr","locations":[{"start":{"line":287,"column":33},"end":{"line":290,"column":23}},{"start":{"line":290,"column":14},"end":{"line":291,"column":33}}],"line":287},"12":{"loc":{"start":{"line":296,"column":46},"end":{"line":296,"column":116}},"type":"cond-expr","locations":[{"start":{"line":296,"column":69},"end":{"line":296,"column":100}},{"start":{"line":296,"column":100},"end":{"line":296,"column":116}}],"line":296},"13":{"loc":{"start":{"line":376,"column":46},"end":{"line":376,"column":null}},"type":"binary-expr","locations":[{"start":{"line":376,"column":46},"end":{"line":376,"column":69}},{"start":{"line":376,"column":73},"end":{"line":376,"column":null}}],"line":376},"14":{"loc":{"start":{"line":377,"column":17},"end":{"line":377,"column":null}},"type":"cond-expr","locations":[{"start":{"line":377,"column":43},"end":{"line":377,"column":59}},{"start":{"line":377,"column":59},"end":{"line":377,"column":null}}],"line":377}},"s":{"0":0,"1":0,"2":0,"3":0,"4":0,"5":0,"6":0,"7":0,"8":0,"9":0,"10":0,"11":0,"12":0,"13":0,"14":0,"15":0,"16":0,"17":0,"18":0,"19":0,"20":0,"21":0,"22":0,"23":0,"24":0,"25":0,"26":0,"27":0,"28":0,"29":0,"30":0,"31":0,"32":0,"33":0,"34":0,"35":0,"36":0,"37":0,"38":0,"39":0,"40":0,"41":0,"42":0,"43":0,"44":0,"45":0,"46":0,"47":0,"48":0,"49":0,"50":0},"f":{"0":0,"1":0,"2":0,"3":0,"4":0,"5":0,"6":0,"7":0,"8":0,"9":0,"10":0,"11":0,"12":0,"13":0,"14":0,"15":0,"16":0,"17":0,"18":0,"19":0},"b":{"0":[0,0],"1":[0,0],"2":[0,0],"3":[0,0],"4":[0,0],"5":[0,0],"6":[0,0],"7":[0,0],"8":[0,0],"9":[0,0],"10":[0,0],"11":[0,0],"12":[0,0],"13":[0,0],"14":[0,0]},"meta":{"lastBranch":15,"lastFunction":20,"lastStatement":51,"seen":{"f:28:24:28:41":0,"s:38:53:38:Infinity":0,"s:39:39:39:Infinity":1,"s:40:8:40:Infinity":2,"s:42:37:42:Infinity":3,"s:43:34:43:Infinity":4,"s:45:8:45:Infinity":5,"s:46:8:46:Infinity":6,"s:47:8:47:Infinity":7,"s:49:22:49:53":8,"b:49:22:49:51:49:51:49:53":0,"s:50:19:50:47":9,"b:50:19:50:45:50:45:50:47":1,"s:52:23:61:Infinity":10,"f:52:23:52:24":1,"s:53:43:59:Infinity":11,"s:60:4:60:Infinity":12,"b:60:11:60:23:60:27:60:Infinity":2,"s:63:27:80:Infinity":13,"f:63:27:63:34":2,"s:64:17:64:36":14,"b:65:4:65:Infinity:undefined:undefined:undefined:undefined":3,"s:65:4:65:Infinity":15,"s:65:15:65:Infinity":16,"b:67:4:70:Infinity:undefined:undefined:undefined:undefined":4,"s:67:4:70:Infinity":17,"s:68:6:68:Infinity":18,"s:69:6:69:Infinity":19,"s:72:4:79:Infinity":20,"s:73:6:73:Infinity":21,"s:75:6:75:Infinity":22,"b:78:6:78:Infinity:undefined:undefined:undefined:undefined":5,"s:78:6:78:Infinity":23,"s:78:32:78:Infinity":24,"s:82:30:103:Infinity":25,"f:82:30:82:37":3,"s:83:4:83:Infinity":26,"b:84:4:84:Infinity:undefined:undefined:undefined:undefined":6,"s:84:4:84:Infinity":27,"s:84:30:84:Infinity":28,"s:86:4:102:Infinity":29,"s:87:6:97:Infinity":30,"s:98:6:98:Infinity":31,"s:99:6:99:Infinity":32,"s:101:6:101:Infinity":33,"s:105:2:377:Infinity":34,"f:119:21:119:27":4,"s:119:27:119:Infinity":35,"f:127:21:127:27":5,"s:127:27:127:Infinity":36,"f:135:21:135:27":6,"s:135:27:135:Infinity":37,"f:150:21:150:27":7,"s:150:27:150:Infinity":38,"f:186:21:186:27":8,"s:186:27:186:Infinity":39,"b:190:42:190:59:190:59:190:Infinity":7,"f:203:21:203:27":9,"s:203:27:203:Infinity":40,"f:212:21:212:27":10,"s:212:27:212:Infinity":41,"b:231:11:234:13:234:12:234:Infinity":8,"b:242:13:242:39:242:34:242:Infinity":9,"b:246:36:249:26:249:14:250:34":10,"f:249:30:249:31":11,"s:249:31:250:34":42,"f:256:31:256:37":12,"s:256:37:256:Infinity":43,"f:266:31:266:37":13,"s:266:37:266:Infinity":44,"f:281:84:281:90":14,"s:281:90:281:Infinity":45,"b:287:33:290:23:290:14:291:33":11,"f:290:27:290:28":15,"s:290:28:291:33":46,"b:296:69:296:100:296:100:296:116":12,"f:309:23:309:29":16,"s:309:29:309:Infinity":47,"f:326:21:326:27":17,"s:326:27:326:Infinity":48,"f:368:28:368:29":18,"s:368:35:368:Infinity":49,"f:375:61:375:67":19,"s:375:67:375:98":50,"b:376:46:376:69:376:73:376:Infinity":13,"b:377:43:377:59:377:59:377:Infinity":14}}}
,"D:\\Semester5\\synergy-hub\\frontend\\web-app\\client\\components\\board\\BoardColumn.tsx": {"path":"D:\\Semester5\\synergy-hub\\frontend\\web-app\\client\\components\\board\\BoardColumn.tsx","statementMap":{"0":{"start":{"line":26,"column":2},"end":{"line":99,"column":null}},"1":{"start":{"line":47,"column":20},"end":{"line":99,"column":null}},"2":{"start":{"line":64,"column":33},"end":{"line":77,"column":17}},"3":{"start":{"line":88,"column":31},"end":{"line":90,"column":null}}},"fnMap":{"0":{"name":"BoardColumn","decl":{"start":{"line":17,"column":24},"end":{"line":17,"column":36}},"loc":{"start":{"line":25,"column":19},"end":{"line":105,"column":null}},"line":25},"1":{"name":"(anonymous_1)","decl":{"start":{"line":47,"column":9},"end":{"line":47,"column":10}},"loc":{"start":{"line":47,"column":20},"end":{"line":99,"column":null}},"line":47},"2":{"name":"(anonymous_2)","decl":{"start":{"line":64,"column":26},"end":{"line":64,"column":27}},"loc":{"start":{"line":64,"column":33},"end":{"line":77,"column":17}},"line":64},"3":{"name":"(anonymous_3)","decl":{"start":{"line":88,"column":24},"end":{"line":88,"column":25}},"loc":{"start":{"line":88,"column":31},"end":{"line":90,"column":null}},"line":88}},"branchMap":{"0":{"loc":{"start":{"line":23,"column":2},"end":{"line":23,"column":19}},"type":"default-arg","locations":[{"start":{"line":23,"column":14},"end":{"line":23,"column":19}}],"line":23},"1":{"loc":{"start":{"line":24,"column":2},"end":{"line":24,"column":16}},"type":"default-arg","locations":[{"start":{"line":24,"column":12},"end":{"line":24,"column":16}}],"line":24},"2":{"loc":{"start":{"line":34,"column":11},"end":{"line":35,"column":null}},"type":"binary-expr","locations":[{"start":{"line":34,"column":11},"end":{"line":34,"column":null}},{"start":{"line":34,"column":12},"end":{"line":35,"column":null}}],"line":34},"3":{"loc":{"start":{"line":54,"column":14},"end":{"line":54,"column":60}},"type":"binary-expr","locations":[{"start":{"line":54,"column":14},"end":{"line":54,"column":27}},{"start":{"line":54,"column":27},"end":{"line":54,"column":60}}],"line":54},"4":{"loc":{"start":{"line":57,"column":25},"end":{"line":57,"column":null}},"type":"cond-expr","locations":[{"start":{"line":57,"column":44},"end":{"line":57,"column":73}},{"start":{"line":57,"column":76},"end":{"line":57,"column":null}}],"line":57},"5":{"loc":{"start":{"line":61,"column":13},"end":{"line":90,"column":null}},"type":"cond-expr","locations":[{"start":{"line":63,"column":14},"end":{"line":83,"column":22}},{"start":{"line":83,"column":16},"end":{"line":90,"column":null}}],"line":61},"6":{"loc":{"start":{"line":63,"column":14},"end":{"line":83,"column":22}},"type":"cond-expr","locations":[{"start":{"line":64,"column":16},"end":{"line":77,"column":17}},{"start":{"line":77,"column":16},"end":{"line":83,"column":22}}],"line":63},"7":{"loc":{"start":{"line":83,"column":16},"end":{"line":90,"column":null}},"type":"cond-expr","locations":[{"start":{"line":83,"column":33},"end":{"line":88,"column":20}},{"start":{"line":88,"column":14},"end":{"line":90,"column":null}}],"line":83}},"s":{"0":6,"1":6,"2":2,"3":6},"f":{"0":6,"1":6,"2":2,"3":6},"b":{"0":[6],"1":[6],"2":[6,1],"3":[6,2],"4":[4,2],"5":[2,4],"6":[1,1],"7":[1,3]},"meta":{"lastBranch":8,"lastFunction":4,"lastStatement":4,"seen":{"f:17:24:17:36":0,"b:23:14:23:19":0,"b:24:12:24:16":1,"s:26:2:99:Infinity":0,"b:34:11:34:Infinity:34:12:35:Infinity":2,"f:47:9:47:10":1,"s:47:20:99:Infinity":1,"b:54:14:54:27:54:27:54:60":3,"b:57:44:57:73:57:76:57:Infinity":4,"b:63:14:83:22:83:16:90:Infinity":5,"b:64:16:77:17:77:16:83:22":6,"f:64:26:64:27":2,"s:64:33:77:17":2,"b:83:33:88:20:88:14:90:Infinity":7,"f:88:24:88:25":3,"s:88:31:90:Infinity":3}}}
,"D:\\Semester5\\synergy-hub\\frontend\\web-app\\client\\components\\chat\\ProjectChatRoom.tsx": {"path":"D:\\Semester5\\synergy-hub\\frontend\\web-app\\client\\components\\chat\\ProjectChatRoom.tsx","statementMap":{"0":{"start":{"line":43,"column":29},"end":{"line":43,"column":null}},"1":{"start":{"line":44,"column":8},"end":{"line":44,"column":null}},"2":{"start":{"line":45,"column":8},"end":{"line":45,"column":null}},"3":{"start":{"line":48,"column":2},"end":{"line":50,"column":null}},"4":{"start":{"line":49,"column":4},"end":{"line":49,"column":null}},"5":{"start":{"line":52,"column":22},"end":{"line":54,"column":null}},"6":{"start":{"line":53,"column":4},"end":{"line":53,"column":null}},"7":{"start":{"line":56,"column":28},"end":{"line":58,"column":null}},"8":{"start":{"line":57,"column":4},"end":{"line":57,"column":null}},"9":{"start":{"line":60,"column":21},"end":{"line":63,"column":null}},"10":{"start":{"line":61,"column":4},"end":{"line":61,"column":null}},"11":{"start":{"line":62,"column":4},"end":{"line":62,"column":null}},"12":{"start":{"line":65,"column":21},"end":{"line":71,"column":null}},"13":{"start":{"line":67,"column":20},"end":{"line":67,"column":null}},"14":{"start":{"line":68,"column":4},"end":{"line":70,"column":null}},"15":{"start":{"line":69,"column":6},"end":{"line":69,"column":null}},"16":{"start":{"line":73,"column":23},"end":{"line":77,"column":null}},"17":{"start":{"line":74,"column":4},"end":{"line":76,"column":null}},"18":{"start":{"line":75,"column":6},"end":{"line":75,"column":null}},"19":{"start":{"line":79,"column":25},"end":{"line":82,"column":null}},"20":{"start":{"line":80,"column":20},"end":{"line":80,"column":null}},"21":{"start":{"line":80,"column":48},"end":{"line":80,"column":56}},"22":{"start":{"line":81,"column":4},"end":{"line":81,"column":null}},"23":{"start":{"line":85,"column":26},"end":{"line":92,"column":null}},"24":{"start":{"line":86,"column":17},"end":{"line":86,"column":null}},"25":{"start":{"line":87,"column":4},"end":{"line":89,"column":null}},"26":{"start":{"line":88,"column":6},"end":{"line":88,"column":null}},"27":{"start":{"line":90,"column":4},"end":{"line":90,"column":null}},"28":{"start":{"line":91,"column":4},"end":{"line":91,"column":null}},"29":{"start":{"line":94,"column":27},"end":{"line":111,"column":null}},"30":{"start":{"line":95,"column":17},"end":{"line":95,"column":null}},"31":{"start":{"line":96,"column":18},"end":{"line":96,"column":null}},"32":{"start":{"line":97,"column":22},"end":{"line":97,"column":null}},"33":{"start":{"line":98,"column":4},"end":{"line":98,"column":null}},"34":{"start":{"line":100,"column":4},"end":{"line":110,"column":null}},"35":{"start":{"line":101,"column":6},"end":{"line":101,"column":null}},"36":{"start":{"line":102,"column":11},"end":{"line":110,"column":null}},"37":{"start":{"line":103,"column":6},"end":{"line":103,"column":null}},"38":{"start":{"line":105,"column":6},"end":{"line":109,"column":null}},"39":{"start":{"line":113,"column":2},"end":{"line":203,"column":null}},"40":{"start":{"line":166,"column":62},"end":{"line":167,"column":null}},"41":{"start":{"line":179,"column":29},"end":{"line":181,"column":null}}},"fnMap":{"0":{"name":"ProjectChatRoom","decl":{"start":{"line":31,"column":16},"end":{"line":31,"column":32}},"loc":{"start":{"line":42,"column":23},"end":{"line":207,"column":null}},"line":42},"1":{"name":"(anonymous_1)","decl":{"start":{"line":48,"column":12},"end":{"line":48,"column":null}},"loc":{"start":{"line":48,"column":12},"end":{"line":50,"column":5}},"line":48},"2":{"name":"(anonymous_2)","decl":{"start":{"line":52,"column":22},"end":{"line":52,"column":23}},"loc":{"start":{"line":52,"column":23},"end":{"line":54,"column":null}},"line":52},"3":{"name":"(anonymous_3)","decl":{"start":{"line":56,"column":28},"end":{"line":56,"column":null}},"loc":{"start":{"line":56,"column":28},"end":{"line":58,"column":null}},"line":56},"4":{"name":"(anonymous_4)","decl":{"start":{"line":60,"column":21},"end":{"line":60,"column":22}},"loc":{"start":{"line":60,"column":39},"end":{"line":63,"column":null}},"line":60},"5":{"name":"(anonymous_5)","decl":{"start":{"line":65,"column":21},"end":{"line":65,"column":22}},"loc":{"start":{"line":65,"column":22},"end":{"line":71,"column":null}},"line":65},"6":{"name":"(anonymous_6)","decl":{"start":{"line":73,"column":23},"end":{"line":73,"column":24}},"loc":{"start":{"line":73,"column":24},"end":{"line":77,"column":null}},"line":73},"7":{"name":"(anonymous_7)","decl":{"start":{"line":79,"column":25},"end":{"line":79,"column":null}},"loc":{"start":{"line":79,"column":25},"end":{"line":82,"column":null}},"line":79},"8":{"name":"(anonymous_8)","decl":{"start":{"line":80,"column":41},"end":{"line":80,"column":42}},"loc":{"start":{"line":80,"column":48},"end":{"line":80,"column":56}},"line":80},"9":{"name":"(anonymous_9)","decl":{"start":{"line":85,"column":42},"end":{"line":85,"column":43}},"loc":{"start":{"line":85,"column":51},"end":{"line":92,"column":5}},"line":85},"10":{"name":"(anonymous_10)","decl":{"start":{"line":94,"column":27},"end":{"line":94,"column":28}},"loc":{"start":{"line":94,"column":28},"end":{"line":111,"column":null}},"line":94},"11":{"name":"(anonymous_11)","decl":{"start":{"line":166,"column":49},"end":{"line":166,"column":50}},"loc":{"start":{"line":166,"column":62},"end":{"line":167,"column":null}},"line":166},"12":{"name":"(anonymous_12)","decl":{"start":{"line":179,"column":28},"end":{"line":179,"column":29}},"loc":{"start":{"line":179,"column":29},"end":{"line":181,"column":null}},"line":179}},"branchMap":{"0":{"loc":{"start":{"line":35,"column":2},"end":{"line":35,"column":15}},"type":"default-arg","locations":[{"start":{"line":35,"column":13},"end":{"line":35,"column":15}}],"line":35},"1":{"loc":{"start":{"line":40,"column":2},"end":{"line":40,"column":19}},"type":"default-arg","locations":[{"start":{"line":40,"column":14},"end":{"line":40,"column":19}}],"line":40},"2":{"loc":{"start":{"line":68,"column":4},"end":{"line":70,"column":null}},"type":"if","locations":[{"start":{"line":68,"column":4},"end":{"line":70,"column":null}},{"start":{},"end":{}}],"line":68},"3":{"loc":{"start":{"line":68,"column":8},"end":{"line":68,"column":52}},"type":"binary-expr","locations":[{"start":{"line":68,"column":8},"end":{"line":68,"column":19}},{"start":{"line":68,"column":19},"end":{"line":68,"column":37}},{"start":{"line":68,"column":37},"end":{"line":68,"column":52}}],"line":68},"4":{"loc":{"start":{"line":74,"column":4},"end":{"line":76,"column":null}},"type":"if","locations":[{"start":{"line":74,"column":4},"end":{"line":76,"column":null}},{"start":{},"end":{}}],"line":74},"5":{"loc":{"start":{"line":87,"column":4},"end":{"line":89,"column":null}},"type":"if","locations":[{"start":{"line":87,"column":4},"end":{"line":89,"column":null}},{"start":{},"end":{}}],"line":87},"6":{"loc":{"start":{"line":100,"column":4},"end":{"line":110,"column":null}},"type":"if","locations":[{"start":{"line":100,"column":4},"end":{"line":110,"column":null}},{"start":{"line":102,"column":11},"end":{"line":110,"column":null}}],"line":100},"7":{"loc":{"start":{"line":102,"column":11},"end":{"line":110,"column":null}},"type":"if","locations":[{"start":{"line":102,"column":11},"end":{"line":110,"column":null}},{"start":{"line":104,"column":11},"end":{"line":110,"column":null}}],"line":102},"8":{"loc":{"start":{"line":134,"column":9},"end":{"line":193,"column":null}},"type":"cond-expr","locations":[{"start":{"line":134,"column":9},"end":{"line":158,"column":21}},{"start":{"line":158,"column":12},"end":{"line":193,"column":null}}],"line":134},"9":{"loc":{"start":{"line":158,"column":12},"end":{"line":193,"column":null}},"type":"cond-expr","locations":[{"start":{"line":158,"column":32},"end":{"line":165,"column":11}},{"start":{"line":165,"column":10},"end":{"line":193,"column":null}}],"line":158}},"s":{"0":4,"1":4,"2":4,"3":4,"4":4,"5":4,"6":0,"7":4,"8":0,"9":4,"10":1,"11":1,"12":4,"13":0,"14":0,"15":0,"16":4,"17":0,"18":0,"19":4,"20":4,"21":4,"22":4,"23":4,"24":4,"25":4,"26":2,"27":4,"28":4,"29":4,"30":2,"31":2,"32":2,"33":2,"34":2,"35":2,"36":0,"37":0,"38":0,"39":4,"40":2,"41":4},"f":{"0":4,"1":4,"2":0,"3":0,"4":1,"5":0,"6":0,"7":4,"8":4,"9":4,"10":2,"11":2,"12":4},"b":{"0":[4],"1":[4],"2":[0,0],"3":[0,0,0],"4":[0,0],"5":[2,2],"6":[2,0],"7":[0,0],"8":[0,4],"9":[2,2]},"meta":{"lastBranch":10,"lastFunction":13,"lastStatement":42,"seen":{"f:31:16:31:32":0,"b:35:13:35:15":0,"b:40:14:40:19":1,"s:43:29:43:Infinity":0,"s:44:8:44:Infinity":1,"s:45:8:45:Infinity":2,"s:48:2:50:Infinity":3,"f:48:12:48:Infinity":1,"s:49:4:49:Infinity":4,"s:52:22:54:Infinity":5,"f:52:22:52:23":2,"s:53:4:53:Infinity":6,"s:56:28:58:Infinity":7,"f:56:28:56:Infinity":3,"s:57:4:57:Infinity":8,"s:60:21:63:Infinity":9,"f:60:21:60:22":4,"s:61:4:61:Infinity":10,"s:62:4:62:Infinity":11,"s:65:21:71:Infinity":12,"f:65:21:65:22":5,"s:67:20:67:Infinity":13,"b:68:4:70:Infinity:undefined:undefined:undefined:undefined":2,"s:68:4:70:Infinity":14,"b:68:8:68:19:68:19:68:37:68:37:68:52":3,"s:69:6:69:Infinity":15,"s:73:23:77:Infinity":16,"f:73:23:73:24":6,"b:74:4:76:Infinity:undefined:undefined:undefined:undefined":4,"s:74:4:76:Infinity":17,"s:75:6:75:Infinity":18,"s:79:25:82:Infinity":19,"f:79:25:79:Infinity":7,"s:80:20:80:Infinity":20,"f:80:41:80:42":8,"s:80:48:80:56":21,"s:81:4:81:Infinity":22,"s:85:26:92:Infinity":23,"f:85:42:85:43":9,"s:86:17:86:Infinity":24,"b:87:4:89:Infinity:undefined:undefined:undefined:undefined":5,"s:87:4:89:Infinity":25,"s:88:6:88:Infinity":26,"s:90:4:90:Infinity":27,"s:91:4:91:Infinity":28,"s:94:27:111:Infinity":29,"f:94:27:94:28":10,"s:95:17:95:Infinity":30,"s:96:18:96:Infinity":31,"s:97:22:97:Infinity":32,"s:98:4:98:Infinity":33,"b:100:4:110:Infinity:102:11:110:Infinity":6,"s:100:4:110:Infinity":34,"s:101:6:101:Infinity":35,"b:102:11:110:Infinity:104:11:110:Infinity":7,"s:102:11:110:Infinity":36,"s:103:6:103:Infinity":37,"s:105:6:109:Infinity":38,"s:113:2:203:Infinity":39,"b:134:9:158:21:158:12:193:Infinity":8,"b:158:32:165:11:165:10:193:Infinity":9,"f:166:49:166:50":11,"s:166:62:167:Infinity":40,"f:179:28:179:29":12,"s:179:29:181:Infinity":41}}}
,"D:\\Semester5\\synergy-hub\\frontend\\web-app\\client\\components\\issue\\IssueForm.tsx": {"path":"D:\\Semester5\\synergy-hub\\frontend\\web-app\\client\\components\\issue\\IssueForm.tsx","statementMap":{"0":{"start":{"line":41,"column":20},"end":{"line":68,"column":null}},"1":{"start":{"line":48,"column":54},"end":{"line":48,"column":87}},"2":{"start":{"line":61,"column":2},"end":{"line":63,"column":null}},"3":{"start":{"line":62,"column":4},"end":{"line":62,"column":null}},"4":{"start":{"line":64,"column":2},"end":{"line":64,"column":null}},"5":{"start":{"line":79,"column":19},"end":{"line":85,"column":null}},"6":{"start":{"line":87,"column":25},"end":{"line":96,"column":null}},"7":{"start":{"line":98,"column":24},"end":{"line":103,"column":null}},"8":{"start":{"line":105,"column":49},"end":{"line":116,"column":null}},"9":{"start":{"line":124,"column":17},"end":{"line":124,"column":null}},"10":{"start":{"line":125,"column":34},"end":{"line":125,"column":null}},"11":{"start":{"line":126,"column":19},"end":{"line":126,"column":56}},"12":{"start":{"line":136,"column":3},"end":{"line":139,"column":null}},"13":{"start":{"line":141,"column":28},"end":{"line":141,"column":null}},"14":{"start":{"line":142,"column":23},"end":{"line":142,"column":null}},"15":{"start":{"line":143,"column":17},"end":{"line":143,"column":38}},"16":{"start":{"line":144,"column":23},"end":{"line":144,"column":50}},"17":{"start":{"line":145,"column":26},"end":{"line":145,"column":56}},"18":{"start":{"line":147,"column":35},"end":{"line":147,"column":null}},"19":{"start":{"line":148,"column":47},"end":{"line":148,"column":null}},"20":{"start":{"line":151,"column":33},"end":{"line":155,"column":null}},"21":{"start":{"line":153,"column":19},"end":{"line":153,"column":null}},"22":{"start":{"line":156,"column":18},"end":{"line":156,"column":75}},"23":{"start":{"line":156,"column":55},"end":{"line":156,"column":68}},"24":{"start":{"line":159,"column":31},"end":{"line":163,"column":null}},"25":{"start":{"line":161,"column":19},"end":{"line":161,"column":null}},"26":{"start":{"line":165,"column":27},"end":{"line":168,"column":null}},"27":{"start":{"line":168,"column":16},"end":{"line":168,"column":null}},"28":{"start":{"line":170,"column":25},"end":{"line":170,"column":null}},"29":{"start":{"line":170,"column":52},"end":{"line":170,"column":null}},"30":{"start":{"line":172,"column":23},"end":{"line":174,"column":null}},"31":{"start":{"line":173,"column":4},"end":{"line":173,"column":null}},"32":{"start":{"line":176,"column":19},"end":{"line":181,"column":null}},"33":{"start":{"line":177,"column":4},"end":{"line":180,"column":null}},"34":{"start":{"line":178,"column":6},"end":{"line":178,"column":null}},"35":{"start":{"line":179,"column":6},"end":{"line":179,"column":null}},"36":{"start":{"line":183,"column":22},"end":{"line":185,"column":null}},"37":{"start":{"line":184,"column":4},"end":{"line":184,"column":null}},"38":{"start":{"line":184,"column":42},"end":{"line":184,"column":null}},"39":{"start":{"line":187,"column":25},"end":{"line":192,"column":null}},"40":{"start":{"line":188,"column":4},"end":{"line":191,"column":null}},"41":{"start":{"line":189,"column":6},"end":{"line":189,"column":null}},"42":{"start":{"line":190,"column":6},"end":{"line":190,"column":null}},"43":{"start":{"line":194,"column":28},"end":{"line":196,"column":null}},"44":{"start":{"line":195,"column":4},"end":{"line":195,"column":null}},"45":{"start":{"line":195,"column":54},"end":{"line":195,"column":null}},"46":{"start":{"line":198,"column":21},"end":{"line":203,"column":null}},"47":{"start":{"line":199,"column":21},"end":{"line":201,"column":null}},"48":{"start":{"line":200,"column":36},"end":{"line":200,"column":null}},"49":{"start":{"line":202,"column":4},"end":{"line":202,"column":null}},"50":{"start":{"line":205,"column":2},"end":{"line":642,"column":null}},"51":{"start":{"line":233,"column":30},"end":{"line":240,"column":49}},"52":{"start":{"line":239,"column":39},"end":{"line":240,"column":49}},"53":{"start":{"line":266,"column":30},"end":{"line":279,"column":43}},"54":{"start":{"line":269,"column":18},"end":{"line":269,"column":null}},"55":{"start":{"line":270,"column":18},"end":{"line":270,"column":null}},"56":{"start":{"line":278,"column":80},"end":{"line":279,"column":43}},"57":{"start":{"line":294,"column":27},"end":{"line":297,"column":null}},"58":{"start":{"line":312,"column":30},"end":{"line":325,"column":null}},"59":{"start":{"line":384,"column":34},"end":{"line":392,"column":56}},"60":{"start":{"line":385,"column":50},"end":{"line":385,"column":111}},"61":{"start":{"line":391,"column":36},"end":{"line":392,"column":56}},"62":{"start":{"line":412,"column":34},"end":{"line":420,"column":56}},"63":{"start":{"line":413,"column":50},"end":{"line":413,"column":108}},"64":{"start":{"line":419,"column":36},"end":{"line":420,"column":56}},"65":{"start":{"line":445,"column":31},"end":{"line":445,"column":null}},"66":{"start":{"line":447,"column":16},"end":{"line":450,"column":null}},"67":{"start":{"line":448,"column":18},"end":{"line":448,"column":null}},"68":{"start":{"line":449,"column":18},"end":{"line":449,"column":null}},"69":{"start":{"line":458,"column":27},"end":{"line":459,"column":33}},"70":{"start":{"line":461,"column":55},"end":{"line":461,"column":75}},"71":{"start":{"line":477,"column":32},"end":{"line":485,"column":48}},"72":{"start":{"line":478,"column":48},"end":{"line":478,"column":103}},"73":{"start":{"line":484,"column":43},"end":{"line":485,"column":48}},"74":{"start":{"line":517,"column":30},"end":{"line":521,"column":null}},"75":{"start":{"line":519,"column":39},"end":{"line":521,"column":null}},"76":{"start":{"line":523,"column":35},"end":{"line":523,"column":null}},"77":{"start":{"line":545,"column":31},"end":{"line":545,"column":null}},"78":{"start":{"line":547,"column":16},"end":{"line":550,"column":null}},"79":{"start":{"line":548,"column":18},"end":{"line":548,"column":null}},"80":{"start":{"line":549,"column":18},"end":{"line":549,"column":null}},"81":{"start":{"line":558,"column":33},"end":{"line":559,"column":33}},"82":{"start":{"line":561,"column":55},"end":{"line":561,"column":81}},"83":{"start":{"line":574,"column":30},"end":{"line":580,"column":null}},"84":{"start":{"line":590,"column":34},"end":{"line":591,"column":36}},"85":{"start":{"line":595,"column":41},"end":{"line":595,"column":null}},"86":{"start":{"line":615,"column":30},"end":{"line":619,"column":null}}},"fnMap":{"0":{"name":"(anonymous_0)","decl":{"start":{"line":48,"column":47},"end":{"line":48,"column":54}},"loc":{"start":{"line":48,"column":54},"end":{"line":48,"column":87}},"line":48},"1":{"name":"(anonymous_1)","decl":{"start":{"line":60,"column":10},"end":{"line":60,"column":11}},"loc":{"start":{"line":60,"column":11},"end":{"line":65,"column":3}},"line":60},"2":{"name":"IssueForm","decl":{"start":{"line":118,"column":24},"end":{"line":118,"column":34}},"loc":{"start":{"line":123,"column":17},"end":{"line":648,"column":null}},"line":123},"3":{"name":"(anonymous_3)","decl":{"start":{"line":153,"column":13},"end":{"line":153,"column":19}},"loc":{"start":{"line":153,"column":19},"end":{"line":153,"column":null}},"line":153},"4":{"name":"(anonymous_4)","decl":{"start":{"line":156,"column":48},"end":{"line":156,"column":49}},"loc":{"start":{"line":156,"column":55},"end":{"line":156,"column":68}},"line":156},"5":{"name":"(anonymous_5)","decl":{"start":{"line":161,"column":13},"end":{"line":161,"column":19}},"loc":{"start":{"line":161,"column":19},"end":{"line":161,"column":null}},"line":161},"6":{"name":"(anonymous_6)","decl":{"start":{"line":168,"column":11},"end":{"line":168,"column":16}},"loc":{"start":{"line":168,"column":16},"end":{"line":168,"column":null}},"line":168},"7":{"name":"(anonymous_7)","decl":{"start":{"line":170,"column":41},"end":{"line":170,"column":52}},"loc":{"start":{"line":170,"column":52},"end":{"line":170,"column":null}},"line":170},"8":{"name":"(anonymous_8)","decl":{"start":{"line":172,"column":23},"end":{"line":172,"column":24}},"loc":{"start":{"line":172,"column":24},"end":{"line":174,"column":null}},"line":172},"9":{"name":"(anonymous_9)","decl":{"start":{"line":176,"column":19},"end":{"line":176,"column":null}},"loc":{"start":{"line":176,"column":19},"end":{"line":181,"column":null}},"line":176},"10":{"name":"(anonymous_10)","decl":{"start":{"line":183,"column":22},"end":{"line":183,"column":23}},"loc":{"start":{"line":183,"column":23},"end":{"line":185,"column":null}},"line":183},"11":{"name":"(anonymous_11)","decl":{"start":{"line":184,"column":37},"end":{"line":184,"column":42}},"loc":{"start":{"line":184,"column":42},"end":{"line":184,"column":null}},"line":184},"12":{"name":"(anonymous_12)","decl":{"start":{"line":187,"column":25},"end":{"line":187,"column":null}},"loc":{"start":{"line":187,"column":25},"end":{"line":192,"column":null}},"line":187},"13":{"name":"(anonymous_13)","decl":{"start":{"line":194,"column":28},"end":{"line":194,"column":29}},"loc":{"start":{"line":194,"column":29},"end":{"line":196,"column":null}},"line":194},"14":{"name":"(anonymous_14)","decl":{"start":{"line":195,"column":49},"end":{"line":195,"column":54}},"loc":{"start":{"line":195,"column":54},"end":{"line":195,"column":null}},"line":195},"15":{"name":"(anonymous_15)","decl":{"start":{"line":198,"column":21},"end":{"line":198,"column":22}},"loc":{"start":{"line":198,"column":22},"end":{"line":203,"column":null}},"line":198},"16":{"name":"(anonymous_16)","decl":{"start":{"line":200,"column":31},"end":{"line":200,"column":36}},"loc":{"start":{"line":200,"column":36},"end":{"line":200,"column":null}},"line":200},"17":{"name":"(anonymous_17)","decl":{"start":{"line":233,"column":20},"end":{"line":233,"column":21}},"loc":{"start":{"line":233,"column":30},"end":{"line":240,"column":49}},"line":233},"18":{"name":"(anonymous_18)","decl":{"start":{"line":239,"column":38},"end":{"line":239,"column":39}},"loc":{"start":{"line":239,"column":39},"end":{"line":240,"column":49}},"line":239},"19":{"name":"(anonymous_19)","decl":{"start":{"line":266,"column":20},"end":{"line":266,"column":21}},"loc":{"start":{"line":266,"column":30},"end":{"line":279,"column":43}},"line":266},"20":{"name":"(anonymous_20)","decl":{"start":{"line":268,"column":31},"end":{"line":268,"column":32}},"loc":{"start":{"line":268,"column":32},"end":{"line":271,"column":null}},"line":268},"21":{"name":"(anonymous_21)","decl":{"start":{"line":278,"column":50},"end":{"line":278,"column":51}},"loc":{"start":{"line":278,"column":80},"end":{"line":279,"column":43}},"line":278},"22":{"name":"(anonymous_22)","decl":{"start":{"line":294,"column":21},"end":{"line":294,"column":27}},"loc":{"start":{"line":294,"column":27},"end":{"line":297,"column":null}},"line":294},"23":{"name":"(anonymous_23)","decl":{"start":{"line":312,"column":20},"end":{"line":312,"column":21}},"loc":{"start":{"line":312,"column":30},"end":{"line":325,"column":null}},"line":312},"24":{"name":"(anonymous_24)","decl":{"start":{"line":384,"column":24},"end":{"line":384,"column":25}},"loc":{"start":{"line":384,"column":34},"end":{"line":392,"column":56}},"line":384},"25":{"name":"(anonymous_25)","decl":{"start":{"line":385,"column":41},"end":{"line":385,"column":42}},"loc":{"start":{"line":385,"column":50},"end":{"line":385,"column":111}},"line":385},"26":{"name":"(anonymous_26)","decl":{"start":{"line":391,"column":35},"end":{"line":391,"column":36}},"loc":{"start":{"line":391,"column":36},"end":{"line":392,"column":56}},"line":391},"27":{"name":"(anonymous_27)","decl":{"start":{"line":412,"column":24},"end":{"line":412,"column":25}},"loc":{"start":{"line":412,"column":34},"end":{"line":420,"column":56}},"line":412},"28":{"name":"(anonymous_28)","decl":{"start":{"line":413,"column":41},"end":{"line":413,"column":42}},"loc":{"start":{"line":413,"column":50},"end":{"line":413,"column":108}},"line":413},"29":{"name":"(anonymous_29)","decl":{"start":{"line":419,"column":35},"end":{"line":419,"column":36}},"loc":{"start":{"line":419,"column":36},"end":{"line":420,"column":56}},"line":419},"30":{"name":"(anonymous_30)","decl":{"start":{"line":445,"column":24},"end":{"line":445,"column":25}},"loc":{"start":{"line":445,"column":31},"end":{"line":445,"column":null}},"line":445},"31":{"name":"(anonymous_31)","decl":{"start":{"line":446,"column":25},"end":{"line":446,"column":26}},"loc":{"start":{"line":446,"column":26},"end":{"line":451,"column":null}},"line":446},"32":{"name":"(anonymous_32)","decl":{"start":{"line":458,"column":26},"end":{"line":458,"column":27}},"loc":{"start":{"line":458,"column":27},"end":{"line":459,"column":33}},"line":458},"33":{"name":"(anonymous_33)","decl":{"start":{"line":461,"column":49},"end":{"line":461,"column":55}},"loc":{"start":{"line":461,"column":55},"end":{"line":461,"column":75}},"line":461},"34":{"name":"(anonymous_34)","decl":{"start":{"line":477,"column":22},"end":{"line":477,"column":23}},"loc":{"start":{"line":477,"column":32},"end":{"line":485,"column":48}},"line":477},"35":{"name":"(anonymous_35)","decl":{"start":{"line":478,"column":39},"end":{"line":478,"column":40}},"loc":{"start":{"line":478,"column":48},"end":{"line":478,"column":103}},"line":478},"36":{"name":"(anonymous_36)","decl":{"start":{"line":484,"column":42},"end":{"line":484,"column":43}},"loc":{"start":{"line":484,"column":43},"end":{"line":485,"column":48}},"line":484},"37":{"name":"(anonymous_37)","decl":{"start":{"line":517,"column":20},"end":{"line":517,"column":21}},"loc":{"start":{"line":517,"column":30},"end":{"line":521,"column":null}},"line":517},"38":{"name":"(anonymous_38)","decl":{"start":{"line":519,"column":38},"end":{"line":519,"column":39}},"loc":{"start":{"line":519,"column":39},"end":{"line":521,"column":null}},"line":519},"39":{"name":"(anonymous_39)","decl":{"start":{"line":523,"column":29},"end":{"line":523,"column":35}},"loc":{"start":{"line":523,"column":35},"end":{"line":523,"column":null}},"line":523},"40":{"name":"(anonymous_40)","decl":{"start":{"line":545,"column":24},"end":{"line":545,"column":25}},"loc":{"start":{"line":545,"column":31},"end":{"line":545,"column":null}},"line":545},"41":{"name":"(anonymous_41)","decl":{"start":{"line":546,"column":25},"end":{"line":546,"column":26}},"loc":{"start":{"line":546,"column":26},"end":{"line":551,"column":null}},"line":546},"42":{"name":"(anonymous_42)","decl":{"start":{"line":558,"column":32},"end":{"line":558,"column":33}},"loc":{"start":{"line":558,"column":33},"end":{"line":559,"column":33}},"line":558},"43":{"name":"(anonymous_43)","decl":{"start":{"line":561,"column":49},"end":{"line":561,"column":55}},"loc":{"start":{"line":561,"column":55},"end":{"line":561,"column":81}},"line":561},"44":{"name":"(anonymous_44)","decl":{"start":{"line":574,"column":20},"end":{"line":574,"column":21}},"loc":{"start":{"line":574,"column":30},"end":{"line":580,"column":null}},"line":574},"45":{"name":"(anonymous_45)","decl":{"start":{"line":590,"column":33},"end":{"line":590,"column":34}},"loc":{"start":{"line":590,"column":34},"end":{"line":591,"column":36}},"line":590},"46":{"name":"(anonymous_46)","decl":{"start":{"line":595,"column":35},"end":{"line":595,"column":41}},"loc":{"start":{"line":595,"column":41},"end":{"line":595,"column":null}},"line":595},"47":{"name":"(anonymous_47)","decl":{"start":{"line":615,"column":20},"end":{"line":615,"column":21}},"loc":{"start":{"line":615,"column":30},"end":{"line":619,"column":null}},"line":615}},"branchMap":{"0":{"loc":{"start":{"line":48,"column":54},"end":{"line":48,"column":87}},"type":"binary-expr","locations":[{"start":{"line":48,"column":54},"end":{"line":48,"column":62}},{"start":{"line":48,"column":62},"end":{"line":48,"column":87}}],"line":48},"1":{"loc":{"start":{"line":61,"column":2},"end":{"line":63,"column":null}},"type":"if","locations":[{"start":{"line":61,"column":2},"end":{"line":63,"column":null}},{"start":{},"end":{}}],"line":61},"2":{"loc":{"start":{"line":61,"column":6},"end":{"line":61,"column":51}},"type":"binary-expr","locations":[{"start":{"line":61,"column":6},"end":{"line":61,"column":33}},{"start":{"line":61,"column":33},"end":{"line":61,"column":51}}],"line":61},"3":{"loc":{"start":{"line":121,"column":2},"end":{"line":121,"column":22}},"type":"default-arg","locations":[{"start":{"line":121,"column":17},"end":{"line":121,"column":22}}],"line":121},"4":{"loc":{"start":{"line":126,"column":19},"end":{"line":126,"column":56}},"type":"binary-expr","locations":[{"start":{"line":126,"column":19},"end":{"line":126,"column":54}},{"start":{"line":126,"column":54},"end":{"line":126,"column":56}}],"line":126},"5":{"loc":{"start":{"line":138,"column":19},"end":{"line":138,"column":null}},"type":"cond-expr","locations":[{"start":{"line":138,"column":35},"end":{"line":138,"column":77}},{"start":{"line":138,"column":77},"end":{"line":138,"column":null}}],"line":138},"6":{"loc":{"start":{"line":143,"column":17},"end":{"line":143,"column":38}},"type":"binary-expr","locations":[{"start":{"line":143,"column":17},"end":{"line":143,"column":36}},{"start":{"line":143,"column":36},"end":{"line":143,"column":38}}],"line":143},"7":{"loc":{"start":{"line":144,"column":23},"end":{"line":144,"column":50}},"type":"binary-expr","locations":[{"start":{"line":144,"column":23},"end":{"line":144,"column":48}},{"start":{"line":144,"column":48},"end":{"line":144,"column":50}}],"line":144},"8":{"loc":{"start":{"line":145,"column":26},"end":{"line":145,"column":56}},"type":"binary-expr","locations":[{"start":{"line":145,"column":26},"end":{"line":145,"column":54}},{"start":{"line":145,"column":54},"end":{"line":145,"column":56}}],"line":145},"9":{"loc":{"start":{"line":156,"column":18},"end":{"line":156,"column":75}},"type":"binary-expr","locations":[{"start":{"line":156,"column":18},"end":{"line":156,"column":73}},{"start":{"line":156,"column":73},"end":{"line":156,"column":75}}],"line":156},"10":{"loc":{"start":{"line":156,"column":55},"end":{"line":156,"column":68}},"type":"binary-expr","locations":[{"start":{"line":156,"column":55},"end":{"line":156,"column":60}},{"start":{"line":156,"column":60},"end":{"line":156,"column":68}}],"line":156},"11":{"loc":{"start":{"line":165,"column":28},"end":{"line":167,"column":7}},"type":"cond-expr","locations":[{"start":{"line":166,"column":7},"end":{"line":166,"column":90}},{"start":{"line":167,"column":6},"end":{"line":167,"column":7}}],"line":165},"12":{"loc":{"start":{"line":166,"column":7},"end":{"line":166,"column":90}},"type":"cond-expr","locations":[{"start":{"line":166,"column":43},"end":{"line":166,"column":61}},{"start":{"line":166,"column":64},"end":{"line":166,"column":90}}],"line":166},"13":{"loc":{"start":{"line":177,"column":4},"end":{"line":180,"column":null}},"type":"if","locations":[{"start":{"line":177,"column":4},"end":{"line":180,"column":null}},{"start":{},"end":{}}],"line":177},"14":{"loc":{"start":{"line":177,"column":8},"end":{"line":177,"column":66}},"type":"binary-expr","locations":[{"start":{"line":177,"column":8},"end":{"line":177,"column":29}},{"start":{"line":177,"column":29},"end":{"line":177,"column":66}}],"line":177},"15":{"loc":{"start":{"line":188,"column":4},"end":{"line":191,"column":null}},"type":"if","locations":[{"start":{"line":188,"column":4},"end":{"line":191,"column":null}},{"start":{},"end":{}}],"line":188},"16":{"loc":{"start":{"line":188,"column":8},"end":{"line":188,"column":84}},"type":"binary-expr","locations":[{"start":{"line":188,"column":8},"end":{"line":188,"column":35}},{"start":{"line":188,"column":35},"end":{"line":188,"column":84}}],"line":188},"17":{"loc":{"start":{"line":199,"column":21},"end":{"line":201,"column":null}},"type":"cond-expr","locations":[{"start":{"line":200,"column":8},"end":{"line":200,"column":null}},{"start":{"line":201,"column":8},"end":{"line":201,"column":null}}],"line":199},"18":{"loc":{"start":{"line":235,"column":66},"end":{"line":235,"column":null}},"type":"binary-expr","locations":[{"start":{"line":235,"column":66},"end":{"line":235,"column":82}},{"start":{"line":235,"column":86},"end":{"line":235,"column":null}}],"line":235},"19":{"loc":{"start":{"line":253,"column":11},"end":{"line":254,"column":null}},"type":"binary-expr","locations":[{"start":{"line":253,"column":11},"end":{"line":253,"column":27}},{"start":{"line":253,"column":27},"end":{"line":254,"column":null}}],"line":253},"20":{"loc":{"start":{"line":345,"column":34},"end":{"line":345,"column":null}},"type":"binary-expr","locations":[{"start":{"line":345,"column":34},"end":{"line":345,"column":46}},{"start":{"line":345,"column":50},"end":{"line":345,"column":null}}],"line":345},"21":{"loc":{"start":{"line":347,"column":11},"end":{"line":348,"column":null}},"type":"binary-expr","locations":[{"start":{"line":347,"column":11},"end":{"line":347,"column":23}},{"start":{"line":347,"column":23},"end":{"line":348,"column":null}}],"line":347},"22":{"loc":{"start":{"line":377,"column":9},"end":{"line":420,"column":56}},"type":"binary-expr","locations":[{"start":{"line":377,"column":9},"end":{"line":377,"column":null}},{"start":{"line":377,"column":9},"end":{"line":420,"column":56}}],"line":377},"23":{"loc":{"start":{"line":385,"column":65},"end":{"line":385,"column":111}},"type":"cond-expr","locations":[{"start":{"line":385,"column":88},"end":{"line":385,"column":95}},{"start":{"line":385,"column":95},"end":{"line":385,"column":111}}],"line":385},"24":{"loc":{"start":{"line":385,"column":118},"end":{"line":385,"column":null}},"type":"binary-expr","locations":[{"start":{"line":385,"column":118},"end":{"line":385,"column":145}},{"start":{"line":385,"column":145},"end":{"line":385,"column":null}}],"line":385},"25":{"loc":{"start":{"line":413,"column":65},"end":{"line":413,"column":108}},"type":"cond-expr","locations":[{"start":{"line":413,"column":85},"end":{"line":413,"column":92}},{"start":{"line":413,"column":92},"end":{"line":413,"column":108}}],"line":413},"26":{"loc":{"start":{"line":413,"column":115},"end":{"line":413,"column":null}},"type":"binary-expr","locations":[{"start":{"line":413,"column":115},"end":{"line":413,"column":142}},{"start":{"line":413,"column":142},"end":{"line":413,"column":null}}],"line":413},"27":{"loc":{"start":{"line":447,"column":16},"end":{"line":450,"column":null}},"type":"if","locations":[{"start":{"line":447,"column":16},"end":{"line":450,"column":null}},{"start":{},"end":{}}],"line":447},"28":{"loc":{"start":{"line":456,"column":11},"end":{"line":459,"column":33}},"type":"binary-expr","locations":[{"start":{"line":456,"column":11},"end":{"line":456,"column":null}},{"start":{"line":456,"column":27},"end":{"line":459,"column":33}}],"line":456},"29":{"loc":{"start":{"line":469,"column":9},"end":{"line":494,"column":null}},"type":"binary-expr","locations":[{"start":{"line":469,"column":9},"end":{"line":469,"column":30}},{"start":{"line":469,"column":30},"end":{"line":469,"column":null}},{"start":{"line":469,"column":47},"end":{"line":494,"column":null}}],"line":469},"30":{"loc":{"start":{"line":478,"column":63},"end":{"line":478,"column":103}},"type":"cond-expr","locations":[{"start":{"line":478,"column":80},
[...]
,"D:\\Semester5\\synergy-hub\\frontend\\web-app\\client\\services\\sprint.service.ts": {"path":"D:\\Semester5\\synergy-hub\\frontend\\web-app\\client\\services\\sprint.service.ts","statementMap":{"0":{"start":{"line":15,"column":29},"end":{"line":85,"column":null}},"1":{"start":{"line":18,"column":19},"end":{"line":18,"column":null}},"2":{"start":{"line":19,"column":21},"end":{"line":19,"column":null}},"3":{"start":{"line":20,"column":4},"end":{"line":20,"column":null}},"4":{"start":{"line":25,"column":21},"end":{"line":25,"column":null}},"5":{"start":{"line":26,"column":4},"end":{"line":26,"column":null}},"6":{"start":{"line":31,"column":21},"end":{"line":31,"column":null}},"7":{"start":{"line":32,"column":4},"end":{"line":32,"column":null}},"8":{"start":{"line":37,"column":21},"end":{"line":37,"column":null}},"9":{"start":{"line":38,"column":4},"end":{"line":38,"column":null}},"10":{"start":{"line":43,"column":21},"end":{"line":43,"column":null}},"11":{"start":{"line":44,"column":4},"end":{"line":44,"column":null}},"12":{"start":{"line":49,"column":21},"end":{"line":49,"column":null}},"13":{"start":{"line":50,"column":4},"end":{"line":50,"column":null}},"14":{"start":{"line":55,"column":21},"end":{"line":55,"column":null}},"15":{"start":{"line":56,"column":4},"end":{"line":56,"column":null}},"16":{"start":{"line":61,"column":21},"end":{"line":61,"column":null}},"17":{"start":{"line":62,"column":4},"end":{"line":62,"column":null}},"18":{"start":{"line":67,"column":21},"end":{"line":69,"column":null}},"19":{"start":{"line":70,"column":4},"end":{"line":70,"column":null}},"20":{"start":{"line":75,"column":21},"end":{"line":77,"column":null}},"21":{"start":{"line":78,"column":4},"end":{"line":78,"column":null}},"22":{"start":{"line":83,"column":4},"end":{"line":83,"column":null}}},"fnMap":{"0":{"name":"(anonymous_0)","decl":{"start":{"line":17,"column":8},"end":{"line":17,"column":26}},"loc":{"start":{"line":17,"column":69},"end":{"line":21,"column":null}},"line":17},"1":{"name":"(anonymous_1)","decl":{"start":{"line":24,"column":8},"end":{"line":24,"column":22}},"loc":{"start":{"line":24,"column":47},"end":{"line":27,"column":null}},"line":24},"2":{"name":"(anonymous_2)","decl":{"start":{"line":30,"column":8},"end":{"line":30,"column":25}},"loc":{"start":{"line":30,"column":50},"end":{"line":33,"column":null}},"line":30},"3":{"name":"(anonymous_3)","decl":{"start":{"line":36,"column":8},"end":{"line":36,"column":21}},"loc":{"start":{"line":36,"column":52},"end":{"line":39,"column":null}},"line":36},"4":{"name":"(anonymous_4)","decl":{"start":{"line":42,"column":8},"end":{"line":42,"column":21}},"loc":{"start":{"line":42,"column":79},"end":{"line":45,"column":null}},"line":42},"5":{"name":"(anonymous_5)","decl":{"start":{"line":48,"column":8},"end":{"line":48,"column":20}},"loc":{"start":{"line":48,"column":45},"end":{"line":51,"column":null}},"line":48},"6":{"name":"(anonymous_6)","decl":{"start":{"line":54,"column":8},"end":{"line":54,"column":23}},"loc":{"start":{"line":54,"column":48},"end":{"line":57,"column":null}},"line":54},"7":{"name":"(anonymous_7)","decl":{"start":{"line":60,"column":8},"end":{"line":60,"column":21}},"loc":{"start":{"line":60,"column":46},"end":{"line":63,"column":null}},"line":60},"8":{"name":"(anonymous_8)","decl":{"start":{"line":66,"column":8},"end":{"line":66,"column":24}},"loc":{"start":{"line":66,"column":50},"end":{"line":71,"column":null}},"line":66},"9":{"name":"(anonymous_9)","decl":{"start":{"line":74,"column":8},"end":{"line":74,"column":28}},"loc":{"start":{"line":74,"column":54},"end":{"line":79,"column":null}},"line":74},"10":{"name":"(anonymous_10)","decl":{"start":{"line":82,"column":8},"end":{"line":82,"column":21}},"loc":{"start":{"line":82,"column":46},"end":{"line":84,"column":null}},"line":82}},"branchMap":{"0":{"loc":{"start":{"line":18,"column":19},"end":{"line":18,"column":null}},"type":"cond-expr","locations":[{"start":{"line":18,"column":28},"end":{"line":18,"column":41}},{"start":{"line":18,"column":41},"end":{"line":18,"column":null}}],"line":18}},"s":{"0":1,"1":0,"2":0,"3":0,"4":0,"5":0,"6":0,"7":0,"8":0,"9":0,"10":0,"11":0,"12":0,"13":0,"14":0,"15":0,"16":0,"17":0,"18":0,"19":0,"20":0,"21":0,"22":0},"f":{"0":0,"1":0,"2":0,"3":0,"4":0,"5":0,"6":0,"7":0,"8":0,"9":0,"10":0},"b":{"0":[0,0]},"meta":{"lastBranch":1,"lastFunction":11,"lastStatement":23,"seen":{"s:15:29:85:Infinity":0,"f:17:8:17:26":0,"s:18:19:18:Infinity":1,"b:18:28:18:41:18:41:18:Infinity":0,"s:19:21:19:Infinity":2,"s:20:4:20:Infinity":3,"f:24:8:24:22":1,"s:25:21:25:Infinity":4,"s:26:4:26:Infinity":5,"f:30:8:30:25":2,"s:31:21:31:Infinity":6,"s:32:4:32:Infinity":7,"f:36:8:36:21":3,"s:37:21:37:Infinity":8,"s:38:4:38:Infinity":9,"f:42:8:42:21":4,"s:43:21:43:Infinity":10,"s:44:4:44:Infinity":11,"f:48:8:48:20":5,"s:49:21:49:Infinity":12,"s:50:4:50:Infinity":13,"f:54:8:54:23":6,"s:55:21:55:Infinity":14,"s:56:4:56:Infinity":15,"f:60:8:60:21":7,"s:61:21:61:Infinity":16,"s:62:4:62:Infinity":17,"f:66:8:66:24":8,"s:67:21:69:Infinity":18,"s:70:4:70:Infinity":19,"f:74:8:74:28":9,"s:75:21:77:Infinity":20,"s:78:4:78:Infinity":21,"f:82:8:82:21":10,"s:83:4:83:Infinity":22}}}
,"D:\\Semester5\\synergy-hub\\frontend\\web-app\\client\\services\\task.service.ts": {"path":"D:\\Semester5\\synergy-hub\\frontend\\web-app\\client\\services\\task.service.ts","statementMap":{"0":{"start":{"line":13,"column":27},"end":{"line":171,"column":null}},"1":{"start":{"line":16,"column":21},"end":{"line":16,"column":null}},"2":{"start":{"line":17,"column":4},"end":{"line":17,"column":null}},"3":{"start":{"line":22,"column":21},"end":{"line":22,"column":null}},"4":{"start":{"line":23,"column":4},"end":{"line":23,"column":null}},"5":{"start":{"line":28,"column":21},"end":{"line":28,"column":null}},"6":{"start":{"line":29,"column":4},"end":{"line":29,"column":null}},"7":{"start":{"line":34,"column":21},"end":{"line":34,"column":null}},"8":{"start":{"line":35,"column":4},"end":{"line":35,"column":null}},"9":{"start":{"line":40,"column":21},"end":{"line":40,"column":null}},"10":{"start":{"line":41,"column":4},"end":{"line":41,"column":null}},"11":{"start":{"line":46,"column":21},"end":{"line":46,"column":null}},"12":{"start":{"line":47,"column":4},"end":{"line":47,"column":null}},"13":{"start":{"line":55,"column":21},"end":{"line":55,"column":null}},"14":{"start":{"line":56,"column":4},"end":{"line":56,"column":null}},"15":{"start":{"line":61,"column":21},"end":{"line":61,"column":null}},"16":{"start":{"line":62,"column":4},"end":{"line":62,"column":null}},"17":{"start":{"line":67,"column":21},"end":{"line":67,"column":null}},"18":{"start":{"line":68,"column":4},"end":{"line":68,"column":null}},"19":{"start":{"line":73,"column":21},"end":{"line":73,"column":null}},"20":{"start":{"line":74,"column":4},"end":{"line":74,"column":null}},"21":{"start":{"line":79,"column":21},"end":{"line":79,"column":null}},"22":{"start":{"line":80,"column":4},"end":{"line":80,"column":null}},"23":{"start":{"line":85,"column":21},"end":{"line":85,"column":null}},"24":{"start":{"line":86,"column":4},"end":{"line":86,"column":null}},"25":{"start":{"line":91,"column":21},"end":{"line":91,"column":null}},"26":{"start":{"line":92,"column":4},"end":{"line":92,"column":null}},"27":{"start":{"line":97,"column":21},"end":{"line":97,"column":null}},"28":{"start":{"line":98,"column":4},"end":{"line":98,"column":null}},"29":{"start":{"line":103,"column":21},"end":{"line":103,"column":null}},"30":{"start":{"line":104,"column":4},"end":{"line":104,"column":null}},"31":{"start":{"line":109,"column":21},"end":{"line":109,"column":null}},"32":{"start":{"line":110,"column":4},"end":{"line":110,"column":null}},"33":{"start":{"line":115,"column":21},"end":{"line":115,"column":null}},"34":{"start":{"line":116,"column":4},"end":{"line":116,"column":null}},"35":{"start":{"line":121,"column":21},"end":{"line":121,"column":null}},"36":{"start":{"line":122,"column":4},"end":{"line":122,"column":null}},"37":{"start":{"line":130,"column":21},"end":{"line":130,"column":null}},"38":{"start":{"line":131,"column":4},"end":{"line":131,"column":null}},"39":{"start":{"line":133,"column":21},"end":{"line":143,"column":null}},"40":{"start":{"line":139,"column":10},"end":{"line":141,"column":null}},"41":{"start":{"line":140,"column":12},"end":{"line":140,"column":null}},"42":{"start":{"line":145,"column":4},"end":{"line":145,"column":null}},"43":{"start":{"line":149,"column":4},"end":{"line":149,"column":null}},"44":{"start":{"line":154,"column":21},"end":{"line":155,"column":null}},"45":{"start":{"line":158,"column":16},"end":{"line":158,"column":null}},"46":{"start":{"line":159,"column":4},"end":{"line":159,"column":null}},"47":{"start":{"line":164,"column":21},"end":{"line":166,"column":null}},"48":{"start":{"line":168,"column":16},"end":{"line":168,"column":null}},"49":{"start":{"line":169,"column":4},"end":{"line":169,"column":null}}},"fnMap":{"0":{"name":"(anonymous_0)","decl":{"start":{"line":15,"column":8},"end":{"line":15,"column":19}},"loc":{"start":{"line":15,"column":42},"end":{"line":18,"column":null}},"line":15},"1":{"name":"(anonymous_1)","decl":{"start":{"line":21,"column":8},"end":{"line":21,"column":19}},"loc":{"start":{"line":21,"column":67},"end":{"line":24,"column":null}},"line":21},"2":{"name":"(anonymous_2)","decl":{"start":{"line":27,"column":8},"end":{"line":27,"column":19}},"loc":{"start":{"line":27,"column":42},"end":{"line":30,"column":null}},"line":27},"3":{"name":"(anonymous_3)","decl":{"start":{"line":33,"column":8},"end":{"line":33,"column":20}},"loc":{"start":{"line":33,"column":43},"end":{"line":36,"column":null}},"line":33},"4":{"name":"(anonymous_4)","decl":{"start":{"line":39,"column":8},"end":{"line":39,"column":22}},"loc":{"start":{"line":39,"column":45},"end":{"line":42,"column":null}},"line":39},"5":{"name":"(anonymous_5)","decl":{"start":{"line":45,"column":8},"end":{"line":45,"column":16}},"loc":{"start":{"line":45,"column":39},"end":{"line":48,"column":null}},"line":45},"6":{"name":"(anonymous_6)","decl":{"start":{"line":51,"column":8},"end":{"line":51,"column":null}},"loc":{"start":{"line":53,"column":54},"end":{"line":57,"column":null}},"line":53},"7":{"name":"(anonymous_7)","decl":{"start":{"line":60,"column":8},"end":{"line":60,"column":24}},"loc":{"start":{"line":60,"column":50},"end":{"line":63,"column":null}},"line":60},"8":{"name":"(anonymous_8)","decl":{"start":{"line":66,"column":8},"end":{"line":66,"column":25}},"loc":{"start":{"line":66,"column":75},"end":{"line":69,"column":null}},"line":66},"9":{"name":"(anonymous_9)","decl":{"start":{"line":72,"column":8},"end":{"line":72,"column":26}},"loc":{"start":{"line":72,"column":49},"end":{"line":75,"column":null}},"line":72},"10":{"name":"(anonymous_10)","decl":{"start":{"line":78,"column":8},"end":{"line":78,"column":27}},"loc":{"start":{"line":78,"column":77},"end":{"line":81,"column":null}},"line":78},"11":{"name":"(anonymous_11)","decl":{"start":{"line":84,"column":8},"end":{"line":84,"column":24}},"loc":{"start":{"line":84,"column":50},"end":{"line":87,"column":null}},"line":84},"12":{"name":"(anonymous_12)","decl":{"start":{"line":90,"column":8},"end":{"line":90,"column":23}},"loc":{"start":{"line":90,"column":48},"end":{"line":93,"column":null}},"line":90},"13":{"name":"(anonymous_13)","decl":{"start":{"line":96,"column":8},"end":{"line":96,"column":19}},"loc":{"start":{"line":96,"column":39},"end":{"line":99,"column":null}},"line":96},"14":{"name":"(anonymous_14)","decl":{"start":{"line":102,"column":8},"end":{"line":102,"column":24}},"loc":{"start":{"line":102,"column":47},"end":{"line":105,"column":null}},"line":102},"15":{"name":"(anonymous_15)","decl":{"start":{"line":108,"column":8},"end":{"line":108,"column":24}},"loc":{"start":{"line":108,"column":50},"end":{"line":111,"column":null}},"line":108},"16":{"name":"(anonymous_16)","decl":{"start":{"line":114,"column":8},"end":{"line":114,"column":24}},"loc":{"start":{"line":114,"column":47},"end":{"line":117,"column":null}},"line":114},"17":{"name":"(anonymous_17)","decl":{"start":{"line":120,"column":8},"end":{"line":120,"column":27}},"loc":{"start":{"line":120,"column":50},"end":{"line":123,"column":null}},"line":120},"18":{"name":"(anonymous_18)","decl":{"start":{"line":125,"column":8},"end":{"line":125,"column":null}},"loc":{"start":{"line":128,"column":43},"end":{"line":146,"column":null}},"line":128},"19":{"name":"(anonymous_19)","decl":{"start":{"line":138,"column":26},"end":{"line":138,"column":27}},"loc":{"start":{"line":138,"column":27},"end":{"line":142,"column":null}},"line":138},"20":{"name":"(anonymous_20)","decl":{"start":{"line":148,"column":8},"end":{"line":148,"column":25}},"loc":{"start":{"line":148,"column":79},"end":{"line":150,"column":null}},"line":148},"21":{"name":"(anonymous_21)","decl":{"start":{"line":152,"column":8},"end":{"line":152,"column":27}},"loc":{"start":{"line":152,"column":74},"end":{"line":160,"column":null}},"line":152},"22":{"name":"(anonymous_22)","decl":{"start":{"line":162,"column":8},"end":{"line":162,"column":32}},"loc":{"start":{"line":162,"column":80},"end":{"line":170,"column":null}},"line":162}},"branchMap":{"0":{"loc":{"start":{"line":53,"column":4},"end":{"line":53,"column":54}},"type":"default-arg","locations":[{"start":{"line":53,"column":52},"end":{"line":53,"column":54}}],"line":53},"1":{"loc":{"start":{"line":139,"column":10},"end":{"line":141,"column":null}},"type":"if","locations":[{"start":{"line":139,"column":10},"end":{"line":141,"column":null}},{"start":{},"end":{}}],"line":139},"2":{"loc":{"start":{"line":139,"column":14},"end":{"line":139,"column":35}},"type":"binary-expr","locations":[{"start":{"line":139,"column":14},"end":{"line":139,"column":28}},{"start":{"line":139,"column":28},"end":{"line":139,"column":35}}],"line":139},"3":{"loc":{"start":{"line":158,"column":16},"end":{"line":158,"column":null}},"type":"cond-expr","locations":[{"start":{"line":158,"column":66},"end":{"line":158,"column":83}},{"start":{"line":158,"column":86},"end":{"line":158,"column":null}}],"line":158},"4":{"loc":{"start":{"line":158,"column":16},"end":{"line":158,"column":62}},"type":"binary-expr","locations":[{"start":{"line":158,"column":16},"end":{"line":158,"column":45}},{"start":{"line":158,"column":45},"end":{"line":158,"column":62}}],"line":158},"5":{"loc":{"start":{"line":168,"column":16},"end":{"line":168,"column":null}},"type":"cond-expr","locations":[{"start":{"line":168,"column":66},"end":{"line":168,"column":83}},{"start":{"line":168,"column":86},"end":{"line":168,"column":null}}],"line":168},"6":{"loc":{"start":{"line":168,"column":16},"end":{"line":168,"column":62}},"type":"binary-expr","locations":[{"start":{"line":168,"column":16},"end":{"line":168,"column":45}},{"start":{"line":168,"column":45},"end":{"line":168,"column":62}}],"line":168}},"s":{"0":3,"1":1,"2":1,"3":1,"4":1,"5":1,"6":1,"7":0,"8":0,"9":0,"10":0,"11":0,"12":0,"13":0,"14":0,"15":0,"16":0,"17":0,"18":0,"19":0,"20":0,"21":0,"22":0,"23":0,"24":0,"25":0,"26":0,"27":0,"28":0,"29":0,"30":0,"31":0,"32":0,"33":0,"34":0,"35":0,"36":0,"37":0,"38":0,"39":0,"40":0,"41":0,"42":0,"43":0,"44":0,"45":0,"46":0,"47":0,"48":0,"49":0},"f":{"0":1,"1":1,"2":1,"3":0,"4":0,"5":0,"6":0,"7":0,"8":0,"9":0,"10":0,"11":0,"12":0,"13":0,"14":0,"15":0,"16":0,"17":0,"18":0,"19":0,"20":0,"21":0,"22":0},"b":{"0":[0],"1":[0,0],"2":[0,0],"3":[0,0],"4":[0,0],"5":[0,0],"6":[0,0]},"meta":{"lastBranch":7,"lastFunction":23,"lastStatement":50,"seen":{"s:13:27:171:Infinity":0,"f:15:8:15:19":0,"s:16:21:16:Infinity":1,"s:17:4:17:Infinity":2,"f:21:8:21:19":1,"s:22:21:22:Infinity":3,"s:23:4:23:Infinity":4,"f:27:8:27:19":2,"s:28:21:28:Infinity":5,"s:29:4:29:Infinity":6,"f:33:8:33:20":3,"s:34:21:34:Infinity":7,"s:35:4:35:Infinity":8,"f:39:8:39:22":4,"s:40:21:40:Infinity":9,"s:41:4:41:Infinity":10,"f:45:8:45:16":5,"s:46:21:46:Infinity":11,"s:47:4:47:Infinity":12,"f:51:8:51:Infinity":6,"b:53:52:53:54":0,"s:55:21:55:Infinity":13,"s:56:4:56:Infinity":14,"f:60:8:60:24":7,"s:61:21:61:Infinity":15,"s:62:4:62:Infinity":16,"f:66:8:66:25":8,"s:67:21:67:Infinity":17,"s:68:4:68:Infinity":18,"f:72:8:72:26":9,"s:73:21:73:Infinity":19,"s:74:4:74:Infinity":20,"f:78:8:78:27":10,"s:79:21:79:Infinity":21,"s:80:4:80:Infinity":22,"f:84:8:84:24":11,"s:85:21:85:Infinity":23,"s:86:4:86:Infinity":24,"f:90:8:90:23":12,"s:91:21:91:Infinity":25,"s:92:4:92:Infinity":26,"f:96:8:96:19":13,"s:97:21:97:Infinity":27,"s:98:4:98:Infinity":28,"f:102:8:102:24":14,"s:103:21:103:Infinity":29,"s:104:4:104:Infinity":30,"f:108:8:108:24":15,"s:109:21:109:Infinity":31,"s:110:4:110:Infinity":32,"f:114:8:114:24":16,"s:115:21:115:Infinity":33,"s:116:4:116:Infinity":34,"f:120:8:120:27":17,"s:121:21:121:Infinity":35,"s:122:4:122:Infinity":36,"f:125:8:125:Infinity":18,"s:130:21:130:Infinity":37,"s:131:4:131:Infinity":38,"s:133:21:143:Infinity":39,"f:138:26:138:27":19,"b:139:10:141:Infinity:undefined:undefined:undefined:undefined":1,"s:139:10:141:Infinity":40,"b:139:14:139:28:139:28:139:35":2,"s:140:12:140:Infinity":41,"s:145:4:145:Infinity":42,"f:148:8:148:25":20,"s:149:4:149:Infinity":43,"f:152:8:152:27":21,"s:154:21:155:Infinity":44,"s:158:16:158:Infinity":45,"b:158:66:158:83:158:86:158:Infinity":3,"b:158:16:158:45:158:45:158:62":4,"s:159:4:159:Infinity":46,"f:162:8:162:32":22,"s:164:21:166:Infinity":47,"s:168:16:168:Infinity":48,"b:168:66:168:83:168:86:168:Infinity":5,"b:168:16:168:45:168:45:168:62":6,"s:169:4:169:Infinity":49}}}
,"D:\\Semester5\\synergy-hub\\frontend\\web-app\\client\\types\\sso.types.ts": {"path":"D:\\Semester5\\synergy-hub\\frontend\\web-app\\client\\types\\sso.types.ts","statementMap":{"0":{"start":{"line":6,"column":12},"end":{"line":6,"column":null}}},"fnMap":{"0":{"name":"(anonymous_0)","decl":{"start":{"line":6,"column":12},"end":{"line":6,"column":null}},"loc":{"start":{"line":6,"column":12},"end":{"line":6,"column":null}},"line":6}},"branchMap":{},"s":{"0":2},"f":{"0":2},"b":{},"meta":{"lastBranch":0,"lastFunction":1,"lastStatement":1,"seen":{"s:6:12:6:Infinity":0,"f:6:12:6:Infinity":0}}}
}
